<?xml version="1.0" encoding="UTF-8"?>
<!-- Generated by org.testng.reporters.JUnitXMLReporter -->
<testsuite hostname="DESKTOP-C4L6Q0Q" ignored="0" name="Default test" tests="7" failures="0" timestamp="2022-05-25T13:50:09 IST" time="0.216" errors="0">
  <testcase name="@BeforeClass setup" time="-1.653466809674E9" classname="com.Accuride.testCases.BaseClass">
    <failure type="org.testng.TestNGException" message="
Parameter &amp;apos;browser&amp;apos; is required by BeforeClass on method setup but has not been marked @Optional or defined
in C:\Users\singh\AppData\Local\Temp\testng-eclipse--1255899830\testng-customsuite.xml">
      <![CDATA[org.testng.TestNGException: 
Parameter 'browser' is required by BeforeClass on method setup but has not been marked @Optional or defined
in C:\Users\singh\AppData\Local\Temp\testng-eclipse--1255899830\testng-customsuite.xml
at org.testng.internal.Parameters.createParams(Parameters.java:270)
at org.testng.internal.Parameters.createParametersForMethod(Parameters.java:358)
at org.testng.internal.Parameters.createParameters(Parameters.java:700)
at org.testng.internal.Parameters.createConfigurationParameters(Parameters.java:168)
at org.testng.internal.ConfigInvoker.invokeConfigurations(ConfigInvoker.java:302)
at org.testng.internal.TestMethodWorker.invokeBeforeClassMethods(TestMethodWorker.java:176)
at org.testng.internal.TestMethodWorker.run(TestMethodWorker.java:122)
at java.util.ArrayList.forEach(Unknown Source)
at org.testng.TestRunner.privateRun(TestRunner.java:794)
at org.testng.TestRunner.run(TestRunner.java:596)
at org.testng.SuiteRunner.runTest(SuiteRunner.java:377)
at org.testng.SuiteRunner.runSequentially(SuiteRunner.java:371)
at org.testng.SuiteRunner.privateRun(SuiteRunner.java:332)
at org.testng.SuiteRunner.run(SuiteRunner.java:276)
at org.testng.SuiteRunnerWorker.runSuite(SuiteRunnerWorker.java:53)
at org.testng.SuiteRunnerWorker.run(SuiteRunnerWorker.java:96)
at org.testng.TestNG.runSuitesSequentially(TestNG.java:1212)
at org.testng.TestNG.runSuitesLocally(TestNG.java:1134)
at org.testng.TestNG.runSuites(TestNG.java:1063)
at org.testng.TestNG.run(TestNG.java:1031)
at org.testng.remote.AbstractRemoteTestNG.run(AbstractRemoteTestNG.java:115)
at org.testng.remote.RemoteTestNG.initAndRun(RemoteTestNG.java:251)
at org.testng.remote.RemoteTestNG.main(RemoteTestNG.java:77)
]]>
    </failure>
  </testcase> <!-- @BeforeClass setup -->
  <testcase name="@AfterClass tearDown" time="-1.653466809831E9" classname="com.Accuride.testCases.BaseClass">
    <skipped/>
  </testcase> <!-- @AfterClass tearDown -->
  <testcase name="ProceedToQuote_TC_ID_1_Login" time="0.0" classname="com.Accuride.testCases.TC_QuoteApprovalCheckout">
    <skipped/>
  </testcase> <!-- ProceedToQuote_TC_ID_1_Login -->
  <testcase name="ProceedToQuote_TC_ID_2_verify_by_clicking_cart_icon" time="0.0" classname="com.Accuride.testCases.TC_QuoteApprovalCheckout">
    <skipped/>
  </testcase> <!-- ProceedToQuote_TC_ID_2_verify_by_clicking_cart_icon -->
  <testcase name="ProceedToQuote_TC_ID_3_Verify_by_clicking_View_and_edit_cart" time="0.0" classname="com.Accuride.testCases.TC_QuoteApprovalCheckout">
    <skipped/>
  </testcase> <!-- ProceedToQuote_TC_ID_3_Verify_by_clicking_View_and_edit_cart -->
  <testcase name="ProceedToQuote_TC_ID_4_verify_by_clicking_Proceed_to_checkout_button" time="0.0" classname="com.Accuride.testCases.TC_QuoteApprovalCheckout">
    <skipped/>
  </testcase> <!-- ProceedToQuote_TC_ID_4_verify_by_clicking_Proceed_to_checkout_button -->
  <testcase name="ProceedToQuote_TC_ID_5_Add_card_detail" time="0.001" classname="com.Accuride.testCases.TC_QuoteApprovalCheckout">
    <skipped/>
  </testcase> <!-- ProceedToQuote_TC_ID_5_Add_card_detail -->
  <testcase name="ProceedToQuote_TC_ID_6_select_Term_and_condition" time="0.0" classname="com.Accuride.testCases.TC_QuoteApprovalCheckout">
    <skipped/>
  </testcase> <!-- ProceedToQuote_TC_ID_6_select_Term_and_condition -->
  <testcase name="ProceedToQuote_TC_ID_7_verify_by_placing_order" time="0.0" classname="com.Accuride.testCases.TC_QuoteApprovalCheckout">
    <skipped/>
  </testcase> <!-- ProceedToQuote_TC_ID_7_verify_by_placing_order -->
</testsuite> <!-- Default test -->
