<?xml version="1.0" encoding="UTF-8"?>
<!-- Generated by org.testng.reporters.JUnitXMLReporter -->
<testsuite ignored="12" hostname="INTLAP-485-Subir-Sarkar" failures="1" tests="2" name="Test" time="27.92" errors="0" timestamp="2023-03-20T15:41:50 IST">
  <testcase classname="com.Accuride.testCases.TC_SignUp" name="Signup_TC_ID_1_verifySignUpButton" time="2.48"/>
  <testcase classname="com.Accuride.testCases.TC_SignUp" name="Signup_TC_ID_2_UI_of_the_Sign_up_page" time="12.169">
    <failure type="org.openqa.selenium.NoSuchElementException" message="no such element: Unable to locate element: {&amp;quot;method&amp;quot;:&amp;quot;xpath&amp;quot;,&amp;quot;selector&amp;quot;:&amp;quot;//*[@id=&amp;quot;__next&amp;quot;]/div[1]/section/div/form/div/div[1]/div/div[5]/select&amp;quot;}
  (Session info: chrome=111.0.5563.65)
For documentation on this error, please visit: https://selenium.dev/exceptions/#no_such_element
Build info: version: &amp;apos;4.7.2&amp;apos;, revision: &amp;apos;4d4020c3b7&amp;apos;
System info: os.name: &amp;apos;Windows 11&amp;apos;, os.arch: &amp;apos;amd64&amp;apos;, os.version: &amp;apos;10.0&amp;apos;, java.version: &amp;apos;17.0.5&amp;apos;
Driver info: org.openqa.selenium.chrome.ChromeDriver
Command: [10347a018e0445925f3b6a4ebefb1612, findElement {using=xpath, value=//*[@id=&amp;quot;__next&amp;quot;]/div[1]/section/div/form/div/div[1]/div/div[5]/select}]
Capabilities {acceptInsecureCerts: false, browserName: chrome, browserVersion: 111.0.5563.65, chrome: {chromedriverVersion: 111.0.5563.64 (c710e93d5b63..., userDataDir: C:\Users\SUBIRS~1\AppData\L...}, goog:chromeOptions: {debuggerAddress: localhost:61660}, networkConnectionEnabled: false, pageLoadStrategy: normal, platformName: WINDOWS, proxy: Proxy(), se:cdp: ws://localhost:61660/devtoo..., se:cdpVersion: 111.0.5563.65, setWindowRect: true, strictFileInteractability: false, timeouts: {implicit: 0, pageLoad: 300000, script: 30000}, unhandledPromptBehavior: dismiss and notify, webauthn:extension:credBlob: true, webauthn:extension:largeBlob: true, webauthn:extension:minPinLength: true, webauthn:extension:prf: true, webauthn:virtualAuthenticators: true}
Session ID: 10347a018e0445925f3b6a4ebefb1612">
      <![CDATA[org.openqa.selenium.NoSuchElementException: no such element: Unable to locate element: {"method":"xpath","selector":"//*[@id="__next"]/div[1]/section/div/form/div/div[1]/div/div[5]/select"}
  (Session info: chrome=111.0.5563.65)
For documentation on this error, please visit: https://selenium.dev/exceptions/#no_such_element
Build info: version: '4.7.2', revision: '4d4020c3b7'
System info: os.name: 'Windows 11', os.arch: 'amd64', os.version: '10.0', java.version: '17.0.5'
Driver info: org.openqa.selenium.chrome.ChromeDriver
Command: [10347a018e0445925f3b6a4ebefb1612, findElement {using=xpath, value=//*[@id="__next"]/div[1]/section/div/form/div/div[1]/div/div[5]/select}]
Capabilities {acceptInsecureCerts: false, browserName: chrome, browserVersion: 111.0.5563.65, chrome: {chromedriverVersion: 111.0.5563.64 (c710e93d5b63..., userDataDir: C:\Users\SUBIRS~1\AppData\L...}, goog:chromeOptions: {debuggerAddress: localhost:61660}, networkConnectionEnabled: false, pageLoadStrategy: normal, platformName: WINDOWS, proxy: Proxy(), se:cdp: ws://localhost:61660/devtoo..., se:cdpVersion: 111.0.5563.65, setWindowRect: true, strictFileInteractability: false, timeouts: {implicit: 0, pageLoad: 300000, script: 30000}, unhandledPromptBehavior: dismiss and notify, webauthn:extension:credBlob: true, webauthn:extension:largeBlob: true, webauthn:extension:minPinLength: true, webauthn:extension:prf: true, webauthn:virtualAuthenticators: true}
Session ID: 10347a018e0445925f3b6a4ebefb1612
at org.openqa.selenium.remote.codec.w3c.W3CHttpResponseCodec.createException(W3CHttpResponseCodec.java:200)
at org.openqa.selenium.remote.codec.w3c.W3CHttpResponseCodec.decode(W3CHttpResponseCodec.java:133)
at org.openqa.selenium.remote.codec.w3c.W3CHttpResponseCodec.decode(W3CHttpResponseCodec.java:53)
at org.openqa.selenium.remote.HttpCommandExecutor.execute(HttpCommandExecutor.java:184)
at org.openqa.selenium.remote.service.DriverCommandExecutor.invokeExecute(DriverCommandExecutor.java:167)
at org.openqa.selenium.remote.service.DriverCommandExecutor.execute(DriverCommandExecutor.java:142)
at org.openqa.selenium.remote.RemoteWebDriver.execute(RemoteWebDriver.java:535)
at org.openqa.selenium.remote.ElementLocation$ElementFinder$2.findElement(ElementLocation.java:162)
at org.openqa.selenium.remote.ElementLocation.findElement(ElementLocation.java:60)
at org.openqa.selenium.remote.RemoteWebDriver.findElement(RemoteWebDriver.java:351)
at org.openqa.selenium.remote.RemoteWebDriver.findElement(RemoteWebDriver.java:343)
at com.Accuride.testCases.TC_SignUp.Signup_TC_ID_2_UI_of_the_Sign_up_page(TC_SignUp.java:55)
at java.base/java.util.ArrayList.forEach(ArrayList.java:1511)
... Removed 32 stack frames]]>
    </failure>
  </testcase> <!-- Signup_TC_ID_2_UI_of_the_Sign_up_page -->
  <testcase classname="com.Accuride.testCases.TC_SignUp" name="Signup_TC_ID_11_Check_with_existing_email_address_which_is_already_been_used" time="0.0">
    <ignored/>
  </testcase> <!-- Signup_TC_ID_11_Check_with_existing_email_address_which_is_already_been_used -->
  <testcase classname="com.Accuride.testCases.TC_SignUp" name="Signup_TC_ID_12_Check_the_password_limit_when_enter_value_less_than_min" time="0.0">
    <ignored/>
  </testcase> <!-- Signup_TC_ID_12_Check_the_password_limit_when_enter_value_less_than_min -->
  <testcase classname="com.Accuride.testCases.TC_SignUp" name="Signup_TC_ID_5_verify_that_without_providing_First_name" time="0.0">
    <ignored/>
  </testcase> <!-- Signup_TC_ID_5_verify_that_without_providing_First_name -->
  <testcase classname="com.Accuride.testCases.TC_SignUp" name="Signup_TC_ID_6_verify_without_providing_Last_name" time="0.0">
    <ignored/>
  </testcase> <!-- Signup_TC_ID_6_verify_without_providing_Last_name -->
  <testcase classname="com.Accuride.testCases.TC_SignUp" name="Signup_TC_ID_14_Check_the_password_when_passing_only_numbers" time="0.0">
    <ignored/>
  </testcase> <!-- Signup_TC_ID_14_Check_the_password_when_passing_only_numbers -->
  <testcase classname="com.Accuride.testCases.TC_SignUp" name="Signup_TC_ID_9_verify_by_providing_diffrent_Password_into_Password_and_confirm_password" time="0.0">
    <ignored/>
  </testcase> <!-- Signup_TC_ID_9_verify_by_providing_diffrent_Password_into_Password_and_confirm_password -->
  <testcase classname="com.Accuride.testCases.TC_SignUp" name="Signup_TC_ID_13_Check_the_password_limit_when_enter_value_greater_than_max" time="0.0">
    <ignored/>
  </testcase> <!-- Signup_TC_ID_13_Check_the_password_limit_when_enter_value_greater_than_max -->
  <testcase classname="com.Accuride.testCases.TC_SignUp" name="Signup_TC_ID_8_verify_without_providingPassword" time="0.0">
    <ignored/>
  </testcase> <!-- Signup_TC_ID_8_verify_without_providingPassword -->
  <testcase classname="com.Accuride.testCases.TC_SignUp" name="Signup_TC_ID_4_verify_all_the_text_boxes_Checkbox_and_buttons" time="0.0">
    <ignored/>
  </testcase> <!-- Signup_TC_ID_4_verify_all_the_text_boxes_Checkbox_and_buttons -->
  <testcase classname="com.Accuride.testCases.TC_SignUp" name="Signup_TC_ID_3_Behaviour_of_SignUp_Button" time="0.0">
    <ignored/>
  </testcase> <!-- Signup_TC_ID_3_Behaviour_of_SignUp_Button -->
  <testcase classname="com.Accuride.testCases.TC_SignUp" name="Signup_TC_ID_16_By_entering_all_the_required_mandatory_field" time="0.0">
    <ignored/>
  </testcase> <!-- Signup_TC_ID_16_By_entering_all_the_required_mandatory_field -->
  <testcase classname="com.Accuride.testCases.TC_SignUp" name="Signup_TC_ID_7_verify_without_providing_Email_id" time="0.0">
    <ignored/>
  </testcase> <!-- Signup_TC_ID_7_verify_without_providing_Email_id -->
</testsuite> <!-- Test -->
