<?xml version="1.0" encoding="UTF-8"?>
<!-- Generated by org.testng.reporters.JUnitXMLReporter -->
<testsuite hostname="DESKTOP-C4L6Q0Q" ignored="0" name="AccurideEurope Test" tests="1" failures="0" timestamp="2022-03-17T12:19:07 IST" time="2.881" errors="0">
  <testcase name="@BeforeClass setup" time="2.604" classname="com.Accuride.testCases.BaseClass">
    <failure type="org.openqa.selenium.SessionNotCreatedException" message="session not created: This version of ChromeDriver only supports Chrome version 92
Current browser version is 99.0.4844.51 with binary path C:\Program Files\Google\Chrome\Application\chrome.exe
Build info: version: &amp;apos;3.14.0&amp;apos;, revision: &amp;apos;aacccce0&amp;apos;, time: &amp;apos;2018-08-02T20:19:58.91Z&amp;apos;
System info: host: &amp;apos;DESKTOP-C4L6Q0Q&amp;apos;, ip: &amp;apos;192.168.10.37&amp;apos;, os.name: &amp;apos;Windows 10&amp;apos;, os.arch: &amp;apos;amd64&amp;apos;, os.version: &amp;apos;10.0&amp;apos;, java.version: &amp;apos;1.8.0_221&amp;apos;
Driver info: driver.version: ChromeDriver
remote stacktrace: Backtrace:
	Ordinal0 [0x01152A33+2501171]
	Ordinal0 [0x010ED1C1+2085313]
	Ordinal0 [0x00FF1FA8+1056680]
	Ordinal0 [0x0101020A+1180170]
	Ordinal0 [0x0100C125+1163557]
	Ordinal0 [0x0100997F+1153407]
	Ordinal0 [0x0103999F+1350047]
	Ordinal0 [0x0103960A+1349130]
	Ordinal0 [0x0103551B+1332507]
	Ordinal0 [0x01011D74+1187188]
	Ordinal0 [0x01012BD9+1190873]
	GetHandleVerifier [0x012CEFE6+1504438]
	GetHandleVerifier [0x0137DDA5+2220661]
	GetHandleVerifier [0x011D5589+481881]
	GetHandleVerifier [0x011D4639+477961]
	Ordinal0 [0x010F28BD+2107581]
	Ordinal0 [0x010F6728+2123560]
	Ordinal0 [0x010F6862+2123874]
	Ordinal0 [0x010FFA81+2161281]
	BaseThreadInitThunk [0x76966739+25]
	RtlGetFullPathName_UEx [0x77D78E7F+1215]
	RtlGetFullPathName_UEx [0x77D78E4D+1165]
">
      <![CDATA[org.openqa.selenium.SessionNotCreatedException: session not created: This version of ChromeDriver only supports Chrome version 92
Current browser version is 99.0.4844.51 with binary path C:\Program Files\Google\Chrome\Application\chrome.exe
Build info: version: '3.14.0', revision: 'aacccce0', time: '2018-08-02T20:19:58.91Z'
System info: host: 'DESKTOP-C4L6Q0Q', ip: '192.168.10.37', os.name: 'Windows 10', os.arch: 'amd64', os.version: '10.0', java.version: '1.8.0_221'
Driver info: driver.version: ChromeDriver
remote stacktrace: Backtrace:
Ordinal0 [0x01152A33+2501171]
Ordinal0 [0x010ED1C1+2085313]
Ordinal0 [0x00FF1FA8+1056680]
Ordinal0 [0x0101020A+1180170]
Ordinal0 [0x0100C125+1163557]
Ordinal0 [0x0100997F+1153407]
Ordinal0 [0x0103999F+1350047]
Ordinal0 [0x0103960A+1349130]
Ordinal0 [0x0103551B+1332507]
Ordinal0 [0x01011D74+1187188]
Ordinal0 [0x01012BD9+1190873]
GetHandleVerifier [0x012CEFE6+1504438]
GetHandleVerifier [0x0137DDA5+2220661]
GetHandleVerifier [0x011D5589+481881]
GetHandleVerifier [0x011D4639+477961]
Ordinal0 [0x010F28BD+2107581]
Ordinal0 [0x010F6728+2123560]
Ordinal0 [0x010F6862+2123874]
Ordinal0 [0x010FFA81+2161281]
BaseThreadInitThunk [0x76966739+25]
RtlGetFullPathName_UEx [0x77D78E7F+1215]
RtlGetFullPathName_UEx [0x77D78E4D+1165]

at org.openqa.selenium.remote.W3CHandshakeResponse.lambda$new$0(W3CHandshakeResponse.java:57)
at org.openqa.selenium.remote.W3CHandshakeResponse.lambda$getResponseFunction$2(W3CHandshakeResponse.java:104)
at org.openqa.selenium.remote.ProtocolHandshake.lambda$createSession$0(ProtocolHandshake.java:122)
at java.util.stream.ReferencePipeline$3$1.accept(Unknown Source)
at java.util.Spliterators$ArraySpliterator.tryAdvance(Unknown Source)
at java.util.stream.ReferencePipeline.forEachWithCancel(Unknown Source)
at java.util.stream.AbstractPipeline.copyIntoWithCancel(Unknown Source)
at java.util.stream.AbstractPipeline.copyInto(Unknown Source)
at java.util.stream.AbstractPipeline.wrapAndCopyInto(Unknown Source)
at java.util.stream.FindOps$FindOp.evaluateSequential(Unknown Source)
at java.util.stream.AbstractPipeline.evaluate(Unknown Source)
at java.util.stream.ReferencePipeline.findFirst(Unknown Source)
at org.openqa.selenium.remote.ProtocolHandshake.createSession(ProtocolHandshake.java:125)
at org.openqa.selenium.remote.ProtocolHandshake.createSession(ProtocolHandshake.java:73)
at org.openqa.selenium.remote.HttpCommandExecutor.execute(HttpCommandExecutor.java:136)
at org.openqa.selenium.remote.service.DriverCommandExecutor.execute(DriverCommandExecutor.java:83)
at org.openqa.selenium.remote.RemoteWebDriver.execute(RemoteWebDriver.java:548)
at org.openqa.selenium.remote.RemoteWebDriver.startSession(RemoteWebDriver.java:212)
at org.openqa.selenium.remote.RemoteWebDriver.<init>(RemoteWebDriver.java:130)
at org.openqa.selenium.chrome.ChromeDriver.<init>(ChromeDriver.java:181)
at org.openqa.selenium.chrome.ChromeDriver.<init>(ChromeDriver.java:168)
at org.openqa.selenium.chrome.ChromeDriver.<init>(ChromeDriver.java:123)
at com.Accuride.testCases.BaseClass.setup(BaseClass.java:45)
at java.util.ArrayList.forEach(Unknown Source)
... Removed 29 stack frames]]>
    </failure>
  </testcase> <!-- @BeforeClass setup -->
  <testcase name="@AfterClass tearDown" time="-1.647499747175E9" classname="com.Accuride.testCases.BaseClass">
    <skipped/>
  </testcase> <!-- @AfterClass tearDown -->
  <testcase name="loginTest" time="0.0" classname="com.Accuride.testCases.TC_Login">
    <skipped/>
  </testcase> <!-- loginTest -->
</testsuite> <!-- AccurideEurope Test -->
