<?xml version="1.0" encoding="UTF-8"?>
<!-- Generated by org.testng.reporters.JUnitReportReporter -->
<testsuite skipped="0" hostname="DESKTOP-C4L6Q0Q" name="com.Accuride.testCases.TC_ProceedToQuote" tests="38" failures="0" timestamp="2022-05-01T23:26:25 IST" time="101.843" errors="4">
  <testcase name="ProceedToQuote_TC_ID_3_Login" time="6.339" classname="com.Accuride.testCases.TC_ProceedToQuote"/>
  <system-out/>
  <testcase name="ProceedToQuote_TC_ID_1_verifyUI_Home_page" time="0.598" classname="com.Accuride.testCases.TC_ProceedToQuote"/>
  <system-out/>
  <testcase name="ProceedToQuote_TC_ID_13_verify_filter_items" time="0.008" classname="com.Accuride.testCases.TC_ProceedToQuote"/>
  <system-out/>
  <testcase name="ProceedToQuote_TC_ID_2_verify_All_product_menu" time="1.032" classname="com.Accuride.testCases.TC_ProceedToQuote">
    <error type="org.openqa.selenium.StaleElementReferenceException" message="stale element reference: element is not attached to the page document
  (Session info: chrome=100.0.4896.127)
For documentation on this error, please visit: https://selenium.dev/exceptions/#stale_element_reference
Build info: version: &#039;4.1.1&#039;, revision: &#039;e8fcc2cecf&#039;
System info: host: &#039;DESKTOP-C4L6Q0Q&#039;, ip: &#039;192.168.10.37&#039;, os.name: &#039;Windows 10&#039;, os.arch: &#039;amd64&#039;, os.version: &#039;10.0&#039;, java.version: &#039;1.8.0_221&#039;
Driver info: org.openqa.selenium.chrome.ChromeDriver
Command: [41c02f5abf852dd3d9485d4e6c059e0b, clickElement {id=1095d55c-af19-473d-b372-000e8bbfa4f4}]
Capabilities {acceptInsecureCerts: false, browserName: chrome, browserVersion: 100.0.4896.127, chrome: {chromedriverVersion: 99.0.4844.51 (d537ec02474b5..., userDataDir: C:\Users\singh\AppData\Loca...}, goog:chromeOptions: {debuggerAddress: localhost:50777}, javascriptEnabled: true, networkConnectionEnabled: false, pageLoadStrategy: normal, platform: WINDOWS, platformName: WINDOWS, proxy: Proxy(), se:cdp: ws://localhost:50777/devtoo..., se:cdpVersion: 100.0.4896.127, setWindowRect: true, strictFileInteractability: false, timeouts: {implicit: 0, pageLoad: 300000, script: 30000}, unhandledPromptBehavior: dismiss and notify, webauthn:extension:credBlob: true, webauthn:extension:largeBlob: true, webauthn:virtualAuthenticators: true}
Element: [[ChromeDriver: chrome on WINDOWS (41c02f5abf852dd3d9485d4e6c059e0b)] -&gt; xpath: //a[contains(text(),&#039;Products&#039;)]]
Session ID: 41c02f5abf852dd3d9485d4e6c059e0b">
      <![CDATA[org.openqa.selenium.StaleElementReferenceException: stale element reference: element is not attached to the page document
  (Session info: chrome=100.0.4896.127)
For documentation on this error, please visit: https://selenium.dev/exceptions/#stale_element_reference
Build info: version: '4.1.1', revision: 'e8fcc2cecf'
System info: host: 'DESKTOP-C4L6Q0Q', ip: '192.168.10.37', os.name: 'Windows 10', os.arch: 'amd64', os.version: '10.0', java.version: '1.8.0_221'
Driver info: org.openqa.selenium.chrome.ChromeDriver
Command: [41c02f5abf852dd3d9485d4e6c059e0b, clickElement {id=1095d55c-af19-473d-b372-000e8bbfa4f4}]
Capabilities {acceptInsecureCerts: false, browserName: chrome, browserVersion: 100.0.4896.127, chrome: {chromedriverVersion: 99.0.4844.51 (d537ec02474b5..., userDataDir: C:\Users\singh\AppData\Loca...}, goog:chromeOptions: {debuggerAddress: localhost:50777}, javascriptEnabled: true, networkConnectionEnabled: false, pageLoadStrategy: normal, platform: WINDOWS, platformName: WINDOWS, proxy: Proxy(), se:cdp: ws://localhost:50777/devtoo..., se:cdpVersion: 100.0.4896.127, setWindowRect: true, strictFileInteractability: false, timeouts: {implicit: 0, pageLoad: 300000, script: 30000}, unhandledPromptBehavior: dismiss and notify, webauthn:extension:credBlob: true, webauthn:extension:largeBlob: true, webauthn:virtualAuthenticators: true}
Element: [[ChromeDriver: chrome on WINDOWS (41c02f5abf852dd3d9485d4e6c059e0b)] -> xpath: //a[contains(text(),'Products')]]
Session ID: 41c02f5abf852dd3d9485d4e6c059e0b
at sun.reflect.NativeConstructorAccessorImpl.newInstance0(Native Method)
at sun.reflect.NativeConstructorAccessorImpl.newInstance(Unknown Source)
at sun.reflect.DelegatingConstructorAccessorImpl.newInstance(Unknown Source)
at java.lang.reflect.Constructor.newInstance(Unknown Source)
at org.openqa.selenium.remote.codec.w3c.W3CHttpResponseCodec.createException(W3CHttpResponseCodec.java:200)
at org.openqa.selenium.remote.codec.w3c.W3CHttpResponseCodec.decode(W3CHttpResponseCodec.java:133)
at org.openqa.selenium.remote.codec.w3c.W3CHttpResponseCodec.decode(W3CHttpResponseCodec.java:53)
at org.openqa.selenium.remote.HttpCommandExecutor.execute(HttpCommandExecutor.java:184)
at org.openqa.selenium.remote.service.DriverCommandExecutor.invokeExecute(DriverCommandExecutor.java:167)
at org.openqa.selenium.remote.service.DriverCommandExecutor.execute(DriverCommandExecutor.java:142)
at org.openqa.selenium.remote.RemoteWebDriver.execute(RemoteWebDriver.java:543)
at org.openqa.selenium.remote.RemoteWebElement.execute(RemoteWebElement.java:251)
at org.openqa.selenium.remote.RemoteWebElement.click(RemoteWebElement.java:77)
at com.Accuride.testCases.TC_ProceedToQuote.ProceedToQuote_TC_ID_2_verify_All_product_menu(TC_ProceedToQuote.java:81)
at sun.reflect.NativeMethodAccessorImpl.invoke0(Native Method)
at sun.reflect.NativeMethodAccessorImpl.invoke(Unknown Source)
at sun.reflect.DelegatingMethodAccessorImpl.invoke(Unknown Source)
at java.lang.reflect.Method.invoke(Unknown Source)
at org.testng.internal.MethodInvocationHelper.invokeMethod(MethodInvocationHelper.java:133)
at org.testng.internal.TestInvoker.invokeMethod(TestInvoker.java:598)
at org.testng.internal.TestInvoker.invokeTestMethod(TestInvoker.java:173)
at org.testng.internal.MethodRunner.runInSequence(MethodRunner.java:46)
at org.testng.internal.TestInvoker$MethodInvocationAgent.invoke(TestInvoker.java:824)
at org.testng.internal.TestInvoker.invokeTestMethods(TestInvoker.java:146)
at org.testng.internal.TestMethodWorker.invokeTestMethods(TestMethodWorker.java:146)
at org.testng.internal.TestMethodWorker.run(TestMethodWorker.java:128)
at java.util.ArrayList.forEach(Unknown Source)
at org.testng.TestRunner.privateRun(TestRunner.java:794)
at org.testng.TestRunner.run(TestRunner.java:596)
at org.testng.SuiteRunner.runTest(SuiteRunner.java:377)
at org.testng.SuiteRunner.runSequentially(SuiteRunner.java:371)
at org.testng.SuiteRunner.privateRun(SuiteRunner.java:332)
at org.testng.SuiteRunner.run(SuiteRunner.java:276)
at org.testng.SuiteRunnerWorker.runSuite(SuiteRunnerWorker.java:53)
at org.testng.SuiteRunnerWorker.run(SuiteRunnerWorker.java:96)
at org.testng.TestNG.runSuitesSequentially(TestNG.java:1212)
at org.testng.TestNG.runSuitesLocally(TestNG.java:1134)
at org.testng.TestNG.runSuites(TestNG.java:1063)
at org.testng.TestNG.run(TestNG.java:1031)
at org.testng.remote.AbstractRemoteTestNG.run(AbstractRemoteTestNG.java:115)
at org.testng.remote.RemoteTestNG.initAndRun(RemoteTestNG.java:251)
at org.testng.remote.RemoteTestNG.main(RemoteTestNG.java:77)
]]>
    </error>
  </testcase> <!-- ProceedToQuote_TC_ID_2_verify_All_product_menu -->
  <system-out/>
  <testcase name="ProceedToQuote_TC_ID_3_verify_All_product_submenu" time="1.999" classname="com.Accuride.testCases.TC_ProceedToQuote">
    <error type="org.openqa.selenium.StaleElementReferenceException" message="stale element reference: element is not attached to the page document
  (Session info: chrome=100.0.4896.127)
For documentation on this error, please visit: https://selenium.dev/exceptions/#stale_element_reference
Build info: version: &#039;4.1.1&#039;, revision: &#039;e8fcc2cecf&#039;
System info: host: &#039;DESKTOP-C4L6Q0Q&#039;, ip: &#039;192.168.10.37&#039;, os.name: &#039;Windows 10&#039;, os.arch: &#039;amd64&#039;, os.version: &#039;10.0&#039;, java.version: &#039;1.8.0_221&#039;
Driver info: org.openqa.selenium.chrome.ChromeDriver
Command: [41c02f5abf852dd3d9485d4e6c059e0b, clickElement {id=b1f3155e-b603-4941-b69f-efdf4b428aaf}]
Capabilities {acceptInsecureCerts: false, browserName: chrome, browserVersion: 100.0.4896.127, chrome: {chromedriverVersion: 99.0.4844.51 (d537ec02474b5..., userDataDir: C:\Users\singh\AppData\Loca...}, goog:chromeOptions: {debuggerAddress: localhost:50777}, javascriptEnabled: true, networkConnectionEnabled: false, pageLoadStrategy: normal, platform: WINDOWS, platformName: WINDOWS, proxy: Proxy(), se:cdp: ws://localhost:50777/devtoo..., se:cdpVersion: 100.0.4896.127, setWindowRect: true, strictFileInteractability: false, timeouts: {implicit: 0, pageLoad: 300000, script: 30000}, unhandledPromptBehavior: dismiss and notify, webauthn:extension:credBlob: true, webauthn:extension:largeBlob: true, webauthn:virtualAuthenticators: true}
Element: [[ChromeDriver: chrome on WINDOWS (41c02f5abf852dd3d9485d4e6c059e0b)] -&gt; xpath: //a[contains(text(),&#039;Products&#039;)]]
Session ID: 41c02f5abf852dd3d9485d4e6c059e0b">
      <![CDATA[org.openqa.selenium.StaleElementReferenceException: stale element reference: element is not attached to the page document
  (Session info: chrome=100.0.4896.127)
For documentation on this error, please visit: https://selenium.dev/exceptions/#stale_element_reference
Build info: version: '4.1.1', revision: 'e8fcc2cecf'
System info: host: 'DESKTOP-C4L6Q0Q', ip: '192.168.10.37', os.name: 'Windows 10', os.arch: 'amd64', os.version: '10.0', java.version: '1.8.0_221'
Driver info: org.openqa.selenium.chrome.ChromeDriver
Command: [41c02f5abf852dd3d9485d4e6c059e0b, clickElement {id=b1f3155e-b603-4941-b69f-efdf4b428aaf}]
Capabilities {acceptInsecureCerts: false, browserName: chrome, browserVersion: 100.0.4896.127, chrome: {chromedriverVersion: 99.0.4844.51 (d537ec02474b5..., userDataDir: C:\Users\singh\AppData\Loca...}, goog:chromeOptions: {debuggerAddress: localhost:50777}, javascriptEnabled: true, networkConnectionEnabled: false, pageLoadStrategy: normal, platform: WINDOWS, platformName: WINDOWS, proxy: Proxy(), se:cdp: ws://localhost:50777/devtoo..., se:cdpVersion: 100.0.4896.127, setWindowRect: true, strictFileInteractability: false, timeouts: {implicit: 0, pageLoad: 300000, script: 30000}, unhandledPromptBehavior: dismiss and notify, webauthn:extension:credBlob: true, webauthn:extension:largeBlob: true, webauthn:virtualAuthenticators: true}
Element: [[ChromeDriver: chrome on WINDOWS (41c02f5abf852dd3d9485d4e6c059e0b)] -> xpath: //a[contains(text(),'Products')]]
Session ID: 41c02f5abf852dd3d9485d4e6c059e0b
at sun.reflect.NativeConstructorAccessorImpl.newInstance0(Native Method)
at sun.reflect.NativeConstructorAccessorImpl.newInstance(Unknown Source)
at sun.reflect.DelegatingConstructorAccessorImpl.newInstance(Unknown Source)
at java.lang.reflect.Constructor.newInstance(Unknown Source)
at org.openqa.selenium.remote.codec.w3c.W3CHttpResponseCodec.createException(W3CHttpResponseCodec.java:200)
at org.openqa.selenium.remote.codec.w3c.W3CHttpResponseCodec.decode(W3CHttpResponseCodec.java:133)
at org.openqa.selenium.remote.codec.w3c.W3CHttpResponseCodec.decode(W3CHttpResponseCodec.java:53)
at org.openqa.selenium.remote.HttpCommandExecutor.execute(HttpCommandExecutor.java:184)
at org.openqa.selenium.remote.service.DriverCommandExecutor.invokeExecute(DriverCommandExecutor.java:167)
at org.openqa.selenium.remote.service.DriverCommandExecutor.execute(DriverCommandExecutor.java:142)
at org.openqa.selenium.remote.RemoteWebDriver.execute(RemoteWebDriver.java:543)
at org.openqa.selenium.remote.RemoteWebElement.execute(RemoteWebElement.java:251)
at org.openqa.selenium.remote.RemoteWebElement.click(RemoteWebElement.java:77)
at com.Accuride.testCases.TC_ProceedToQuote.ProceedToQuote_TC_ID_3_verify_All_product_submenu(TC_ProceedToQuote.java:122)
at sun.reflect.NativeMethodAccessorImpl.invoke0(Native Method)
at sun.reflect.NativeMethodAccessorImpl.invoke(Unknown Source)
at sun.reflect.DelegatingMethodAccessorImpl.invoke(Unknown Source)
at java.lang.reflect.Method.invoke(Unknown Source)
at org.testng.internal.MethodInvocationHelper.invokeMethod(MethodInvocationHelper.java:133)
at org.testng.internal.TestInvoker.invokeMethod(TestInvoker.java:598)
at org.testng.internal.TestInvoker.invokeTestMethod(TestInvoker.java:173)
at org.testng.internal.MethodRunner.runInSequence(MethodRunner.java:46)
at org.testng.internal.TestInvoker$MethodInvocationAgent.invoke(TestInvoker.java:824)
at org.testng.internal.TestInvoker.invokeTestMethods(TestInvoker.java:146)
at org.testng.internal.TestMethodWorker.invokeTestMethods(TestMethodWorker.java:146)
at org.testng.internal.TestMethodWorker.run(TestMethodWorker.java:128)
at java.util.ArrayList.forEach(Unknown Source)
at org.testng.TestRunner.privateRun(TestRunner.java:794)
at org.testng.TestRunner.run(TestRunner.java:596)
at org.testng.SuiteRunner.runTest(SuiteRunner.java:377)
at org.testng.SuiteRunner.runSequentially(SuiteRunner.java:371)
at org.testng.SuiteRunner.privateRun(SuiteRunner.java:332)
at org.testng.SuiteRunner.run(SuiteRunner.java:276)
at org.testng.SuiteRunnerWorker.runSuite(SuiteRunnerWorker.java:53)
at org.testng.SuiteRunnerWorker.run(SuiteRunnerWorker.java:96)
at org.testng.TestNG.runSuitesSequentially(TestNG.java:1212)
at org.testng.TestNG.runSuitesLocally(TestNG.java:1134)
at org.testng.TestNG.runSuites(TestNG.java:1063)
at org.testng.TestNG.run(TestNG.java:1031)
at org.testng.remote.AbstractRemoteTestNG.run(AbstractRemoteTestNG.java:115)
at org.testng.remote.RemoteTestNG.initAndRun(RemoteTestNG.java:251)
at org.testng.remote.RemoteTestNG.main(RemoteTestNG.java:77)
]]>
    </error>
  </testcase> <!-- ProceedToQuote_TC_ID_3_verify_All_product_submenu -->
  <system-out/>
  <testcase name="ProceedToQuote_TC_ID_5_verify_the_sub_menu_for_MARKETS" time="1.980" classname="com.Accuride.testCases.TC_ProceedToQuote"/>
  <system-out/>
  <testcase name="ProceedToQuote_TC_ID_6_verif_sub_menu_for_RESOURCES" time="1.785" classname="com.Accuride.testCases.TC_ProceedToQuote"/>
  <system-out/>
  <testcase name="ProceedToQuote_TC_ID_7_verify_sub_menu_for_BLOG" time="2.138" classname="com.Accuride.testCases.TC_ProceedToQuote"/>
  <system-out/>
  <testcase name="ProceedToQuote_TC_ID_8_verif_sub_menu_for_SUPPORTS" time="1.928" classname="com.Accuride.testCases.TC_ProceedToQuote"/>
  <system-out/>
  <testcase name="ProceedToQuote_TC_ID_9_verify_sub_menu_for_COMPANY" time="1.801" classname="com.Accuride.testCases.TC_ProceedToQuote"/>
  <system-out/>
  <testcase name="ProceedToQuote_TC_ID_10_verify_by_clicking_submenu_of_Product" time="3.060" classname="com.Accuride.testCases.TC_ProceedToQuote"/>
  <system-out/>
  <testcase name="ProceedToQuote_TC_ID_11_verify_UI_of_product_listing_page" time="11.580" classname="com.Accuride.testCases.TC_ProceedToQuote"/>
  <system-out/>
  <testcase name="ProceedToQuote_TC_ID_12_13_verify_product_filter_on_listing_page" time="1.762" classname="com.Accuride.testCases.TC_ProceedToQuote"/>
  <system-out/>
  <testcase name="ProceedToQuote_TC_ID_14_validate_by_applying_filter" time="2.082" classname="com.Accuride.testCases.TC_ProceedToQuote"/>
  <system-out/>
  <testcase name="ProceedToQuote_TC_ID_15_16_validate_switch_button_vertical_horizontal" time="1.546" classname="com.Accuride.testCases.TC_ProceedToQuote">
    <error type="org.openqa.selenium.ElementClickInterceptedException" message="element click intercepted: Element &lt;svg stroke=&quot;currentColor&quot; fill=&quot;currentColor&quot; stroke-width=&quot;0&quot; viewBox=&quot;0 0 24 24&quot; height=&quot;1em&quot; width=&quot;1em&quot; xmlns=&quot;http://www.w3.org/2000/svg&quot;&gt;...&lt;/svg&gt; is not clickable at point (458, 402). Other element would receive the click: &lt;div class=&quot;acc-fullLoader &quot;&gt;...&lt;/div&gt;
  (Session info: chrome=100.0.4896.127)
Build info: version: &#039;4.1.1&#039;, revision: &#039;e8fcc2cecf&#039;
System info: host: &#039;DESKTOP-C4L6Q0Q&#039;, ip: &#039;192.168.10.37&#039;, os.name: &#039;Windows 10&#039;, os.arch: &#039;amd64&#039;, os.version: &#039;10.0&#039;, java.version: &#039;1.8.0_221&#039;
Driver info: org.openqa.selenium.chrome.ChromeDriver
Command: [41c02f5abf852dd3d9485d4e6c059e0b, clickElement {id=f05584d5-8d1c-4c43-b2ef-c55e4b24ad2d}]
Capabilities {acceptInsecureCerts: false, browserName: chrome, browserVersion: 100.0.4896.127, chrome: {chromedriverVersion: 99.0.4844.51 (d537ec02474b5..., userDataDir: C:\Users\singh\AppData\Loca...}, goog:chromeOptions: {debuggerAddress: localhost:50777}, javascriptEnabled: true, networkConnectionEnabled: false, pageLoadStrategy: normal, platform: WINDOWS, platformName: WINDOWS, proxy: Proxy(), se:cdp: ws://localhost:50777/devtoo..., se:cdpVersion: 100.0.4896.127, setWindowRect: true, strictFileInteractability: false, timeouts: {implicit: 0, pageLoad: 300000, script: 30000}, unhandledPromptBehavior: dismiss and notify, webauthn:extension:credBlob: true, webauthn:extension:largeBlob: true, webauthn:virtualAuthenticators: true}
Element: [[ChromeDriver: chrome on WINDOWS (41c02f5abf852dd3d9485d4e6c059e0b)] -&gt; xpath: //body/div[@id=&#039;__next&#039;]/div[contains(@class,&#039;d-flex flex-column mh-100 app-content&#039;)]/div[contains(@class,&#039;container&#039;)]/div[contains(@class,&#039;row&#039;)]/div[contains(@class,&#039;pl-xl-3 px-0 col-xl col-12 order-xl-3 order-3&#039;)]/div[contains(@class,&#039;container&#039;)]/section[contains(@class,&#039;acc-product-toolbar&#039;)]/div[contains(@class,&#039;row&#039;)]/div[contains(@class,&#039;acc-modes col&#039;)]/div[contains(@class,&#039;btn-group&#039;)]/button[2]/*[1]]
Session ID: 41c02f5abf852dd3d9485d4e6c059e0b">
      <![CDATA[org.openqa.selenium.ElementClickInterceptedException: element click intercepted: Element <svg stroke="currentColor" fill="currentColor" stroke-width="0" viewBox="0 0 24 24" height="1em" width="1em" xmlns="http://www.w3.org/2000/svg">...</svg> is not clickable at point (458, 402). Other element would receive the click: <div class="acc-fullLoader ">...</div>
  (Session info: chrome=100.0.4896.127)
Build info: version: '4.1.1', revision: 'e8fcc2cecf'
System info: host: 'DESKTOP-C4L6Q0Q', ip: '192.168.10.37', os.name: 'Windows 10', os.arch: 'amd64', os.version: '10.0', java.version: '1.8.0_221'
Driver info: org.openqa.selenium.chrome.ChromeDriver
Command: [41c02f5abf852dd3d9485d4e6c059e0b, clickElement {id=f05584d5-8d1c-4c43-b2ef-c55e4b24ad2d}]
Capabilities {acceptInsecureCerts: false, browserName: chrome, browserVersion: 100.0.4896.127, chrome: {chromedriverVersion: 99.0.4844.51 (d537ec02474b5..., userDataDir: C:\Users\singh\AppData\Loca...}, goog:chromeOptions: {debuggerAddress: localhost:50777}, javascriptEnabled: true, networkConnectionEnabled: false, pageLoadStrategy: normal, platform: WINDOWS, platformName: WINDOWS, proxy: Proxy(), se:cdp: ws://localhost:50777/devtoo..., se:cdpVersion: 100.0.4896.127, setWindowRect: true, strictFileInteractability: false, timeouts: {implicit: 0, pageLoad: 300000, script: 30000}, unhandledPromptBehavior: dismiss and notify, webauthn:extension:credBlob: true, webauthn:extension:largeBlob: true, webauthn:virtualAuthenticators: true}
Element: [[ChromeDriver: chrome on WINDOWS (41c02f5abf852dd3d9485d4e6c059e0b)] -> xpath: //body/div[@id='__next']/div[contains(@class,'d-flex flex-column mh-100 app-content')]/div[contains(@class,'container')]/div[contains(@class,'row')]/div[contains(@class,'pl-xl-3 px-0 col-xl col-12 order-xl-3 order-3')]/div[contains(@class,'container')]/section[contains(@class,'acc-product-toolbar')]/div[contains(@class,'row')]/div[contains(@class,'acc-modes col')]/div[contains(@class,'btn-group')]/button[2]/*[1]]
Session ID: 41c02f5abf852dd3d9485d4e6c059e0b
at sun.reflect.NativeConstructorAccessorImpl.newInstance0(Native Method)
at sun.reflect.NativeConstructorAccessorImpl.newInstance(Unknown Source)
at sun.reflect.DelegatingConstructorAccessorImpl.newInstance(Unknown Source)
at java.lang.reflect.Constructor.newInstance(Unknown Source)
at org.openqa.selenium.remote.codec.w3c.W3CHttpResponseCodec.createException(W3CHttpResponseCodec.java:200)
at org.openqa.selenium.remote.codec.w3c.W3CHttpResponseCodec.decode(W3CHttpResponseCodec.java:133)
at org.openqa.selenium.remote.codec.w3c.W3CHttpResponseCodec.decode(W3CHttpResponseCodec.java:53)
at org.openqa.selenium.remote.HttpCommandExecutor.execute(HttpCommandExecutor.java:184)
at org.openqa.selenium.remote.service.DriverCommandExecutor.invokeExecute(DriverCommandExecutor.java:167)
at org.openqa.selenium.remote.service.DriverCommandExecutor.execute(DriverCommandExecutor.java:142)
at org.openqa.selenium.remote.RemoteWebDriver.execute(RemoteWebDriver.java:543)
at org.openqa.selenium.remote.RemoteWebElement.execute(RemoteWebElement.java:251)
at org.openqa.selenium.remote.RemoteWebElement.click(RemoteWebElement.java:77)
at com.Accuride.testCases.TC_ProceedToQuote.ProceedToQuote_TC_ID_15_16_validate_switch_button_vertical_horizontal(TC_ProceedToQuote.java:371)
at sun.reflect.NativeMethodAccessorImpl.invoke0(Native Method)
at sun.reflect.NativeMethodAccessorImpl.invoke(Unknown Source)
at sun.reflect.DelegatingMethodAccessorImpl.invoke(Unknown Source)
at java.lang.reflect.Method.invoke(Unknown Source)
at org.testng.internal.MethodInvocationHelper.invokeMethod(MethodInvocationHelper.java:133)
at org.testng.internal.TestInvoker.invokeMethod(TestInvoker.java:598)
at org.testng.internal.TestInvoker.invokeTestMethod(TestInvoker.java:173)
at org.testng.internal.MethodRunner.runInSequence(MethodRunner.java:46)
at org.testng.internal.TestInvoker$MethodInvocationAgent.invoke(TestInvoker.java:824)
at org.testng.internal.TestInvoker.invokeTestMethods(TestInvoker.java:146)
at org.testng.internal.TestMethodWorker.invokeTestMethods(TestMethodWorker.java:146)
at org.testng.internal.TestMethodWorker.run(TestMethodWorker.java:128)
at java.util.ArrayList.forEach(Unknown Source)
at org.testng.TestRunner.privateRun(TestRunner.java:794)
at org.testng.TestRunner.run(TestRunner.java:596)
at org.testng.SuiteRunner.runTest(SuiteRunner.java:377)
at org.testng.SuiteRunner.runSequentially(SuiteRunner.java:371)
at org.testng.SuiteRunner.privateRun(SuiteRunner.java:332)
at org.testng.SuiteRunner.run(SuiteRunner.java:276)
at org.testng.SuiteRunnerWorker.runSuite(SuiteRunnerWorker.java:53)
at org.testng.SuiteRunnerWorker.run(SuiteRunnerWorker.java:96)
at org.testng.TestNG.runSuitesSequentially(TestNG.java:1212)
at org.testng.TestNG.runSuitesLocally(TestNG.java:1134)
at org.testng.TestNG.runSuites(TestNG.java:1063)
at org.testng.TestNG.run(TestNG.java:1031)
at org.testng.remote.AbstractRemoteTestNG.run(AbstractRemoteTestNG.java:115)
at org.testng.remote.RemoteTestNG.initAndRun(RemoteTestNG.java:251)
at org.testng.remote.RemoteTestNG.main(RemoteTestNG.java:77)
]]>
    </error>
  </testcase> <!-- ProceedToQuote_TC_ID_15_16_validate_switch_button_vertical_horizontal -->
  <system-out/>
  <testcase name="ProceedToQuote_TC_ID_17_18_validate_sortby_button_product_postion" time="1.517" classname="com.Accuride.testCases.TC_ProceedToQuote">
    <error type="org.openqa.selenium.ElementClickInterceptedException" message="element click intercepted: Element &lt;select name=&quot;sort_by2&quot; class=&quot;form-control&quot;&gt;...&lt;/select&gt; is not clickable at point (1294, 402). Other element would receive the click: &lt;div class=&quot;acc-fullLoader &quot;&gt;...&lt;/div&gt;
  (Session info: chrome=100.0.4896.127)
Build info: version: &#039;4.1.1&#039;, revision: &#039;e8fcc2cecf&#039;
System info: host: &#039;DESKTOP-C4L6Q0Q&#039;, ip: &#039;192.168.10.37&#039;, os.name: &#039;Windows 10&#039;, os.arch: &#039;amd64&#039;, os.version: &#039;10.0&#039;, java.version: &#039;1.8.0_221&#039;
Driver info: org.openqa.selenium.chrome.ChromeDriver
Command: [41c02f5abf852dd3d9485d4e6c059e0b, clickElement {id=c52e8573-6d61-4114-934a-ca5700f75abd}]
Capabilities {acceptInsecureCerts: false, browserName: chrome, browserVersion: 100.0.4896.127, chrome: {chromedriverVersion: 99.0.4844.51 (d537ec02474b5..., userDataDir: C:\Users\singh\AppData\Loca...}, goog:chromeOptions: {debuggerAddress: localhost:50777}, javascriptEnabled: true, networkConnectionEnabled: false, pageLoadStrategy: normal, platform: WINDOWS, platformName: WINDOWS, proxy: Proxy(), se:cdp: ws://localhost:50777/devtoo..., se:cdpVersion: 100.0.4896.127, setWindowRect: true, strictFileInteractability: false, timeouts: {implicit: 0, pageLoad: 300000, script: 30000}, unhandledPromptBehavior: dismiss and notify, webauthn:extension:credBlob: true, webauthn:extension:largeBlob: true, webauthn:virtualAuthenticators: true}
Element: [[ChromeDriver: chrome on WINDOWS (41c02f5abf852dd3d9485d4e6c059e0b)] -&gt; xpath: //div[@class=&#039;input-group&#039;]//select[@class=&#039;form-control&#039;]]
Session ID: 41c02f5abf852dd3d9485d4e6c059e0b">
      <![CDATA[org.openqa.selenium.ElementClickInterceptedException: element click intercepted: Element <select name="sort_by2" class="form-control">...</select> is not clickable at point (1294, 402). Other element would receive the click: <div class="acc-fullLoader ">...</div>
  (Session info: chrome=100.0.4896.127)
Build info: version: '4.1.1', revision: 'e8fcc2cecf'
System info: host: 'DESKTOP-C4L6Q0Q', ip: '192.168.10.37', os.name: 'Windows 10', os.arch: 'amd64', os.version: '10.0', java.version: '1.8.0_221'
Driver info: org.openqa.selenium.chrome.ChromeDriver
Command: [41c02f5abf852dd3d9485d4e6c059e0b, clickElement {id=c52e8573-6d61-4114-934a-ca5700f75abd}]
Capabilities {acceptInsecureCerts: false, browserName: chrome, browserVersion: 100.0.4896.127, chrome: {chromedriverVersion: 99.0.4844.51 (d537ec02474b5..., userDataDir: C:\Users\singh\AppData\Loca...}, goog:chromeOptions: {debuggerAddress: localhost:50777}, javascriptEnabled: true, networkConnectionEnabled: false, pageLoadStrategy: normal, platform: WINDOWS, platformName: WINDOWS, proxy: Proxy(), se:cdp: ws://localhost:50777/devtoo..., se:cdpVersion: 100.0.4896.127, setWindowRect: true, strictFileInteractability: false, timeouts: {implicit: 0, pageLoad: 300000, script: 30000}, unhandledPromptBehavior: dismiss and notify, webauthn:extension:credBlob: true, webauthn:extension:largeBlob: true, webauthn:virtualAuthenticators: true}
Element: [[ChromeDriver: chrome on WINDOWS (41c02f5abf852dd3d9485d4e6c059e0b)] -> xpath: //div[@class='input-group']//select[@class='form-control']]
Session ID: 41c02f5abf852dd3d9485d4e6c059e0b
at sun.reflect.NativeConstructorAccessorImpl.newInstance0(Native Method)
at sun.reflect.NativeConstructorAccessorImpl.newInstance(Unknown Source)
at sun.reflect.DelegatingConstructorAccessorImpl.newInstance(Unknown Source)
at java.lang.reflect.Constructor.newInstance(Unknown Source)
at org.openqa.selenium.remote.codec.w3c.W3CHttpResponseCodec.createException(W3CHttpResponseCodec.java:200)
at org.openqa.selenium.remote.codec.w3c.W3CHttpResponseCodec.decode(W3CHttpResponseCodec.java:133)
at org.openqa.selenium.remote.codec.w3c.W3CHttpResponseCodec.decode(W3CHttpResponseCodec.java:53)
at org.openqa.selenium.remote.HttpCommandExecutor.execute(HttpCommandExecutor.java:184)
at org.openqa.selenium.remote.service.DriverCommandExecutor.invokeExecute(DriverCommandExecutor.java:167)
at org.openqa.selenium.remote.service.DriverCommandExecutor.execute(DriverCommandExecutor.java:142)
at org.openqa.selenium.remote.RemoteWebDriver.execute(RemoteWebDriver.java:543)
at org.openqa.selenium.remote.RemoteWebElement.execute(RemoteWebElement.java:251)
at org.openqa.selenium.remote.RemoteWebElement.click(RemoteWebElement.java:77)
at com.Accuride.testCases.TC_ProceedToQuote.ProceedToQuote_TC_ID_17_18_validate_sortby_button_product_postion(TC_ProceedToQuote.java:398)
at sun.reflect.NativeMethodAccessorImpl.invoke0(Native Method)
at sun.reflect.NativeMethodAccessorImpl.invoke(Unknown Source)
at sun.reflect.DelegatingMethodAccessorImpl.invoke(Unknown Source)
at java.lang.reflect.Method.invoke(Unknown Source)
at org.testng.internal.MethodInvocationHelper.invokeMethod(MethodInvocationHelper.java:133)
at org.testng.internal.TestInvoker.invokeMethod(TestInvoker.java:598)
at org.testng.internal.TestInvoker.invokeTestMethod(TestInvoker.java:173)
at org.testng.internal.MethodRunner.runInSequence(MethodRunner.java:46)
at org.testng.internal.TestInvoker$MethodInvocationAgent.invoke(TestInvoker.java:824)
at org.testng.internal.TestInvoker.invokeTestMethods(TestInvoker.java:146)
at org.testng.internal.TestMethodWorker.invokeTestMethods(TestMethodWorker.java:146)
at org.testng.internal.TestMethodWorker.run(TestMethodWorker.java:128)
at java.util.ArrayList.forEach(Unknown Source)
at org.testng.TestRunner.privateRun(TestRunner.java:794)
at org.testng.TestRunner.run(TestRunner.java:596)
at org.testng.SuiteRunner.runTest(SuiteRunner.java:377)
at org.testng.SuiteRunner.runSequentially(SuiteRunner.java:371)
at org.testng.SuiteRunner.privateRun(SuiteRunner.java:332)
at org.testng.SuiteRunner.run(SuiteRunner.java:276)
at org.testng.SuiteRunnerWorker.runSuite(SuiteRunnerWorker.java:53)
at org.testng.SuiteRunnerWorker.run(SuiteRunnerWorker.java:96)
at org.testng.TestNG.runSuitesSequentially(TestNG.java:1212)
at org.testng.TestNG.runSuitesLocally(TestNG.java:1134)
at org.testng.TestNG.runSuites(TestNG.java:1063)
at org.testng.TestNG.run(TestNG.java:1031)
at org.testng.remote.AbstractRemoteTestNG.run(AbstractRemoteTestNG.java:115)
at org.testng.remote.RemoteTestNG.initAndRun(RemoteTestNG.java:251)
at org.testng.remote.RemoteTestNG.main(RemoteTestNG.java:77)
]]>
    </error>
  </testcase> <!-- ProceedToQuote_TC_ID_17_18_validate_sortby_button_product_postion -->
  <system-out/>
  <testcase name="ProceedToQuote_TC_ID_19_validate_search_filter_on_listing_page" time="2.768" classname="com.Accuride.testCases.TC_ProceedToQuote"/>
  <system-out/>
  <testcase name="ProceedToQuote_TC_ID_20_validate_Product_item" time="0.883" classname="com.Accuride.testCases.TC_ProceedToQuote"/>
  <system-out/>
  <testcase name="ProceedToQuote_TC_ID_21_verify_by_hover_on_product_item" time="0.000" classname="com.Accuride.testCases.TC_ProceedToQuote"/>
  <system-out/>
  <testcase name="ProceedToQuote_TC_ID_22_23_verify_by_selecting_lenght_and_quantity" time="3.192" classname="com.Accuride.testCases.TC_ProceedToQuote"/>
  <system-out/>
  <testcase name="ProceedToQuote_TC_ID_25_validate_by_adding_product_into_cart_by_addtocart_button" time="1.844" classname="com.Accuride.testCases.TC_ProceedToQuote"/>
  <system-out/>
  <testcase name="ProceedToQuote_TC_ID_26_verify_by_adding_product_into_cart_without_lenght_quntity_configureProduct" time="1.636" classname="com.Accuride.testCases.TC_ProceedToQuote"/>
  <system-out/>
  <testcase name="ProceedToQuote_TC_ID_29_verify_by_clicking_on_detail_button" time="1.863" classname="com.Accuride.testCases.TC_ProceedToQuote"/>
  <system-out/>
  <testcase name="ProceedToQuote_TC_ID_30_verify_description_for_product_detail" time="4.433" classname="com.Accuride.testCases.TC_ProceedToQuote"/>
  <system-out/>
  <testcase name="ProceedToQuote_TC_ID_31_32_verify_by_hover_on_productItem_lenght_quantity" time="3.038" classname="com.Accuride.testCases.TC_ProceedToQuote"/>
  <system-out/>
  <testcase name="ProceedToQuote_TC_ID_33_verify_by_adding_into_cart" time="1.848" classname="com.Accuride.testCases.TC_ProceedToQuote"/>
  <system-out/>
  <testcase name="ProceedToQuote_TC_ID_34_verify_by_clicking_cart_icon" time="2.946" classname="com.Accuride.testCases.TC_ProceedToQuote"/>
  <system-out/>
  <testcase name="ProceedToQuote_TC_ID_35_verify_UI_cart_pop_up" time="2.534" classname="com.Accuride.testCases.TC_ProceedToQuote"/>
  <system-out/>
  <testcase name="ProceedToQuote_TC_ID_36_Verify_by_clicking_View_and_edit_cart" time="1.774" classname="com.Accuride.testCases.TC_ProceedToQuote"/>
  <system-out/>
  <testcase name="ProceedToQuote_TC_ID_37_42_verify_UI_of_the_View_and_edit_cart_page" time="3.232" classname="com.Accuride.testCases.TC_ProceedToQuote"/>
  <system-out/>
  <testcase name="ProceedToQuote_TC_ID_43_verify_by_clicking_Proceed_to_checkout_button" time="1.718" classname="com.Accuride.testCases.TC_ProceedToQuote"/>
  <system-out/>
  <testcase name="ProceedToQuote_TC_ID_45_46_verify_by_adding_and_updating_new_address" time="3.990" classname="com.Accuride.testCases.TC_ProceedToQuote"/>
  <system-out/>
  <testcase name="ProceedToQuote_TC_ID_47_verify_by_selecting_ShipHere_radio_button" time="3.239" classname="com.Accuride.testCases.TC_ProceedToQuote"/>
  <system-out/>
  <testcase name="ProceedToQuote_TC_ID_48_validate_by_clicking_next_button" time="2.796" classname="com.Accuride.testCases.TC_ProceedToQuote"/>
  <system-out/>
  <testcase name="ProceedToQuote_TC_ID_49_verify_UI_of_Payment_page" time="9.300" classname="com.Accuride.testCases.TC_ProceedToQuote"/>
  <system-out/>
  <testcase name="ProceedToQuote_TC_ID_50_Add_card_detail" time="4.326" classname="com.Accuride.testCases.TC_ProceedToQuote"/>
  <system-out/>
  <testcase name="ProceedToQuote_TC_ID_51_select_Term_and_condition" time="1.539" classname="com.Accuride.testCases.TC_ProceedToQuote"/>
  <system-out/>
  <testcase name="ProceedToQuote_TC_ID_58_verify_by_placing_order" time="1.789" classname="com.Accuride.testCases.TC_ProceedToQuote"/>
  <system-out/>
</testsuite> <!-- com.Accuride.testCases.TC_ProceedToQuote -->
