<?xml version="1.0" encoding="UTF-8"?>
<!-- Generated by org.testng.reporters.JUnitReportReporter -->
<testsuite skipped="0" hostname="DESKTOP-C4L6Q0Q" name="com.Accuride.testCases.TC_ProceedToCartCheckoutByLoginBankTransfer" tests="37" failures="0" timestamp="2022-06-22T11:51:38 IST" time="88.604" errors="4">
  <testcase name="ProceedToQuote_TC_ID_3_Login" time="3.999" classname="com.Accuride.testCases.TC_ProceedToCartCheckoutByLoginBankTransfer"/>
  <system-out/>
  <testcase name="ProceedToQuote_TC_ID_1_verifyUI_Home_page" time="0.231" classname="com.Accuride.testCases.TC_ProceedToCartCheckoutByLoginBankTransfer"/>
  <system-out/>
  <testcase name="ProceedToQuote_TC_ID_2_verify_All_product_menu" time="0.545" classname="com.Accuride.testCases.TC_ProceedToCartCheckoutByLoginBankTransfer">
    <error type="org.openqa.selenium.StaleElementReferenceException" message="stale element reference: element is not attached to the page document
  (Session info: chrome=102.0.5005.115)
For documentation on this error, please visit: https://selenium.dev/exceptions/#stale_element_reference
Build info: version: &#039;4.1.1&#039;, revision: &#039;e8fcc2cecf&#039;
System info: host: &#039;DESKTOP-C4L6Q0Q&#039;, ip: &#039;192.168.10.38&#039;, os.name: &#039;Windows 10&#039;, os.arch: &#039;amd64&#039;, os.version: &#039;10.0&#039;, java.version: &#039;1.8.0_221&#039;
Driver info: org.openqa.selenium.chrome.ChromeDriver
Command: [a7819adab11ee7e2d0bfd46bcd4ac36e, clickElement {id=948a4707-677c-4c45-9329-232ab5dc3c44}]
Capabilities {acceptInsecureCerts: false, browserName: chrome, browserVersion: 102.0.5005.115, chrome: {chromedriverVersion: 101.0.4951.41 (93c720db8323..., userDataDir: C:\Users\singh\AppData\Loca...}, goog:chromeOptions: {debuggerAddress: localhost:49274}, javascriptEnabled: true, networkConnectionEnabled: false, pageLoadStrategy: normal, platform: WINDOWS, platformName: WINDOWS, proxy: Proxy(), se:cdp: ws://localhost:49274/devtoo..., se:cdpVersion: 102.0.5005.115, setWindowRect: true, strictFileInteractability: false, timeouts: {implicit: 0, pageLoad: 300000, script: 30000}, unhandledPromptBehavior: dismiss and notify, webauthn:extension:credBlob: true, webauthn:extension:largeBlob: true, webauthn:virtualAuthenticators: true}
Element: [[ChromeDriver: chrome on WINDOWS (a7819adab11ee7e2d0bfd46bcd4ac36e)] -&gt; xpath: //a[contains(text(),&#039;Products&#039;)]]
Session ID: a7819adab11ee7e2d0bfd46bcd4ac36e">
      <![CDATA[org.openqa.selenium.StaleElementReferenceException: stale element reference: element is not attached to the page document
  (Session info: chrome=102.0.5005.115)
For documentation on this error, please visit: https://selenium.dev/exceptions/#stale_element_reference
Build info: version: '4.1.1', revision: 'e8fcc2cecf'
System info: host: 'DESKTOP-C4L6Q0Q', ip: '192.168.10.38', os.name: 'Windows 10', os.arch: 'amd64', os.version: '10.0', java.version: '1.8.0_221'
Driver info: org.openqa.selenium.chrome.ChromeDriver
Command: [a7819adab11ee7e2d0bfd46bcd4ac36e, clickElement {id=948a4707-677c-4c45-9329-232ab5dc3c44}]
Capabilities {acceptInsecureCerts: false, browserName: chrome, browserVersion: 102.0.5005.115, chrome: {chromedriverVersion: 101.0.4951.41 (93c720db8323..., userDataDir: C:\Users\singh\AppData\Loca...}, goog:chromeOptions: {debuggerAddress: localhost:49274}, javascriptEnabled: true, networkConnectionEnabled: false, pageLoadStrategy: normal, platform: WINDOWS, platformName: WINDOWS, proxy: Proxy(), se:cdp: ws://localhost:49274/devtoo..., se:cdpVersion: 102.0.5005.115, setWindowRect: true, strictFileInteractability: false, timeouts: {implicit: 0, pageLoad: 300000, script: 30000}, unhandledPromptBehavior: dismiss and notify, webauthn:extension:credBlob: true, webauthn:extension:largeBlob: true, webauthn:virtualAuthenticators: true}
Element: [[ChromeDriver: chrome on WINDOWS (a7819adab11ee7e2d0bfd46bcd4ac36e)] -> xpath: //a[contains(text(),'Products')]]
Session ID: a7819adab11ee7e2d0bfd46bcd4ac36e
at sun.reflect.NativeConstructorAccessorImpl.newInstance0(Native Method)
at sun.reflect.NativeConstructorAccessorImpl.newInstance(Unknown Source)
at sun.reflect.DelegatingConstructorAccessorImpl.newInstance(Unknown Source)
at java.lang.reflect.Constructor.newInstance(Unknown Source)
at org.openqa.selenium.remote.codec.w3c.W3CHttpResponseCodec.createException(W3CHttpResponseCodec.java:200)
at org.openqa.selenium.remote.codec.w3c.W3CHttpResponseCodec.decode(W3CHttpResponseCodec.java:133)
at org.openqa.selenium.remote.codec.w3c.W3CHttpResponseCodec.decode(W3CHttpResponseCodec.java:53)
at org.openqa.selenium.remote.HttpCommandExecutor.execute(HttpCommandExecutor.java:184)
at org.openqa.selenium.remote.service.DriverCommandExecutor.invokeExecute(DriverCommandExecutor.java:167)
at org.openqa.selenium.remote.service.DriverCommandExecutor.execute(DriverCommandExecutor.java:142)
at org.openqa.selenium.remote.RemoteWebDriver.execute(RemoteWebDriver.java:543)
at org.openqa.selenium.remote.RemoteWebElement.execute(RemoteWebElement.java:251)
at org.openqa.selenium.remote.RemoteWebElement.click(RemoteWebElement.java:77)
at com.Accuride.testCases.TC_ProceedToCartCheckoutByLoginBankTransfer.ProceedToQuote_TC_ID_2_verify_All_product_menu(TC_ProceedToCartCheckoutByLoginBankTransfer.java:81)
at sun.reflect.NativeMethodAccessorImpl.invoke0(Native Method)
at sun.reflect.NativeMethodAccessorImpl.invoke(Unknown Source)
at sun.reflect.DelegatingMethodAccessorImpl.invoke(Unknown Source)
at java.lang.reflect.Method.invoke(Unknown Source)
at org.testng.internal.MethodInvocationHelper.invokeMethod(MethodInvocationHelper.java:133)
at org.testng.internal.TestInvoker.invokeMethod(TestInvoker.java:598)
at org.testng.internal.TestInvoker.invokeTestMethod(TestInvoker.java:173)
at org.testng.internal.MethodRunner.runInSequence(MethodRunner.java:46)
at org.testng.internal.TestInvoker$MethodInvocationAgent.invoke(TestInvoker.java:824)
at org.testng.internal.TestInvoker.invokeTestMethods(TestInvoker.java:146)
at org.testng.internal.TestMethodWorker.invokeTestMethods(TestMethodWorker.java:146)
at org.testng.internal.TestMethodWorker.run(TestMethodWorker.java:128)
at java.util.ArrayList.forEach(Unknown Source)
at org.testng.TestRunner.privateRun(TestRunner.java:794)
at org.testng.TestRunner.run(TestRunner.java:596)
at org.testng.SuiteRunner.runTest(SuiteRunner.java:377)
at org.testng.SuiteRunner.runSequentially(SuiteRunner.java:371)
at org.testng.SuiteRunner.privateRun(SuiteRunner.java:332)
at org.testng.SuiteRunner.run(SuiteRunner.java:276)
at org.testng.SuiteRunnerWorker.runSuite(SuiteRunnerWorker.java:53)
at org.testng.SuiteRunnerWorker.run(SuiteRunnerWorker.java:96)
at org.testng.TestNG.runSuitesSequentially(TestNG.java:1212)
at org.testng.TestNG.runSuitesLocally(TestNG.java:1134)
at org.testng.TestNG.runSuites(TestNG.java:1063)
at org.testng.TestNG.run(TestNG.java:1031)
at org.testng.remote.AbstractRemoteTestNG.run(AbstractRemoteTestNG.java:115)
at org.testng.remote.RemoteTestNG.initAndRun(RemoteTestNG.java:251)
at org.testng.remote.RemoteTestNG.main(RemoteTestNG.java:77)
]]>
    </error>
  </testcase> <!-- ProceedToQuote_TC_ID_2_verify_All_product_menu -->
  <system-out/>
  <testcase name="ProceedToQuote_TC_ID_13_verify_filter_items" time="0.001" classname="com.Accuride.testCases.TC_ProceedToCartCheckoutByLoginBankTransfer"/>
  <system-out/>
  <testcase name="ProceedToQuote_TC_ID_3_verify_All_product_submenu" time="6.686" classname="com.Accuride.testCases.TC_ProceedToCartCheckoutByLoginBankTransfer"/>
  <system-out/>
  <testcase name="ProceedToQuote_TC_ID_5_verify_the_sub_menu_for_MARKETS" time="1.567" classname="com.Accuride.testCases.TC_ProceedToCartCheckoutByLoginBankTransfer"/>
  <system-out/>
  <testcase name="ProceedToQuote_TC_ID_6_verif_sub_menu_for_RESOURCES" time="1.520" classname="com.Accuride.testCases.TC_ProceedToCartCheckoutByLoginBankTransfer"/>
  <system-out/>
  <testcase name="ProceedToQuote_TC_ID_7_verify_sub_menu_for_BLOG" time="1.579" classname="com.Accuride.testCases.TC_ProceedToCartCheckoutByLoginBankTransfer"/>
  <system-out/>
  <testcase name="ProceedToQuote_TC_ID_8_verif_sub_menu_for_SUPPORTS" time="1.557" classname="com.Accuride.testCases.TC_ProceedToCartCheckoutByLoginBankTransfer"/>
  <system-out/>
  <testcase name="ProceedToQuote_TC_ID_9_verify_sub_menu_for_COMPANY" time="1.508" classname="com.Accuride.testCases.TC_ProceedToCartCheckoutByLoginBankTransfer"/>
  <system-out/>
  <testcase name="ProceedToQuote_TC_ID_10_verify_by_clicking_submenu_of_Product" time="2.657" classname="com.Accuride.testCases.TC_ProceedToCartCheckoutByLoginBankTransfer"/>
  <system-out/>
  <testcase name="ProceedToQuote_TC_ID_11_verify_UI_of_product_listing_page" time="7.859" classname="com.Accuride.testCases.TC_ProceedToCartCheckoutByLoginBankTransfer"/>
  <system-out/>
  <testcase name="ProceedToQuote_TC_ID_12_13_verify_product_filter_on_listing_page" time="1.445" classname="com.Accuride.testCases.TC_ProceedToCartCheckoutByLoginBankTransfer"/>
  <system-out/>
  <testcase name="ProceedToQuote_TC_ID_14_validate_by_applying_filter" time="1.865" classname="com.Accuride.testCases.TC_ProceedToCartCheckoutByLoginBankTransfer"/>
  <system-out/>
  <testcase name="ProceedToQuote_TC_ID_15_16_validate_switch_button_vertical_horizontal" time="1.302" classname="com.Accuride.testCases.TC_ProceedToCartCheckoutByLoginBankTransfer">
    <error type="org.openqa.selenium.ElementClickInterceptedException" message="element click intercepted: Element &lt;svg stroke=&quot;currentColor&quot; fill=&quot;currentColor&quot; stroke-width=&quot;0&quot; viewBox=&quot;0 0 24 24&quot; height=&quot;1em&quot; width=&quot;1em&quot; xmlns=&quot;http://www.w3.org/2000/svg&quot;&gt;...&lt;/svg&gt; is not clickable at point (458, 402). Other element would receive the click: &lt;div class=&quot;acc-fullLoader &quot;&gt;...&lt;/div&gt;
  (Session info: chrome=102.0.5005.115)
Build info: version: &#039;4.1.1&#039;, revision: &#039;e8fcc2cecf&#039;
System info: host: &#039;DESKTOP-C4L6Q0Q&#039;, ip: &#039;192.168.10.38&#039;, os.name: &#039;Windows 10&#039;, os.arch: &#039;amd64&#039;, os.version: &#039;10.0&#039;, java.version: &#039;1.8.0_221&#039;
Driver info: org.openqa.selenium.chrome.ChromeDriver
Command: [a7819adab11ee7e2d0bfd46bcd4ac36e, clickElement {id=b827ca12-58c0-4f06-93af-afaa6f895d4d}]
Capabilities {acceptInsecureCerts: false, browserName: chrome, browserVersion: 102.0.5005.115, chrome: {chromedriverVersion: 101.0.4951.41 (93c720db8323..., userDataDir: C:\Users\singh\AppData\Loca...}, goog:chromeOptions: {debuggerAddress: localhost:49274}, javascriptEnabled: true, networkConnectionEnabled: false, pageLoadStrategy: normal, platform: WINDOWS, platformName: WINDOWS, proxy: Proxy(), se:cdp: ws://localhost:49274/devtoo..., se:cdpVersion: 102.0.5005.115, setWindowRect: true, strictFileInteractability: false, timeouts: {implicit: 0, pageLoad: 300000, script: 30000}, unhandledPromptBehavior: dismiss and notify, webauthn:extension:credBlob: true, webauthn:extension:largeBlob: true, webauthn:virtualAuthenticators: true}
Element: [[ChromeDriver: chrome on WINDOWS (a7819adab11ee7e2d0bfd46bcd4ac36e)] -&gt; xpath: //body/div[@id=&#039;__next&#039;]/div[contains(@class,&#039;d-flex flex-column mh-100 app-content&#039;)]/div[contains(@class,&#039;container&#039;)]/div[contains(@class,&#039;row&#039;)]/div[contains(@class,&#039;pl-xl-3 px-0 col-xl col-12 order-xl-3 order-3&#039;)]/div[contains(@class,&#039;container&#039;)]/section[contains(@class,&#039;acc-product-toolbar&#039;)]/div[contains(@class,&#039;row&#039;)]/div[contains(@class,&#039;acc-modes col&#039;)]/div[contains(@class,&#039;btn-group&#039;)]/button[2]/*[1]]
Session ID: a7819adab11ee7e2d0bfd46bcd4ac36e">
      <![CDATA[org.openqa.selenium.ElementClickInterceptedException: element click intercepted: Element <svg stroke="currentColor" fill="currentColor" stroke-width="0" viewBox="0 0 24 24" height="1em" width="1em" xmlns="http://www.w3.org/2000/svg">...</svg> is not clickable at point (458, 402). Other element would receive the click: <div class="acc-fullLoader ">...</div>
  (Session info: chrome=102.0.5005.115)
Build info: version: '4.1.1', revision: 'e8fcc2cecf'
System info: host: 'DESKTOP-C4L6Q0Q', ip: '192.168.10.38', os.name: 'Windows 10', os.arch: 'amd64', os.version: '10.0', java.version: '1.8.0_221'
Driver info: org.openqa.selenium.chrome.ChromeDriver
Command: [a7819adab11ee7e2d0bfd46bcd4ac36e, clickElement {id=b827ca12-58c0-4f06-93af-afaa6f895d4d}]
Capabilities {acceptInsecureCerts: false, browserName: chrome, browserVersion: 102.0.5005.115, chrome: {chromedriverVersion: 101.0.4951.41 (93c720db8323..., userDataDir: C:\Users\singh\AppData\Loca...}, goog:chromeOptions: {debuggerAddress: localhost:49274}, javascriptEnabled: true, networkConnectionEnabled: false, pageLoadStrategy: normal, platform: WINDOWS, platformName: WINDOWS, proxy: Proxy(), se:cdp: ws://localhost:49274/devtoo..., se:cdpVersion: 102.0.5005.115, setWindowRect: true, strictFileInteractability: false, timeouts: {implicit: 0, pageLoad: 300000, script: 30000}, unhandledPromptBehavior: dismiss and notify, webauthn:extension:credBlob: true, webauthn:extension:largeBlob: true, webauthn:virtualAuthenticators: true}
Element: [[ChromeDriver: chrome on WINDOWS (a7819adab11ee7e2d0bfd46bcd4ac36e)] -> xpath: //body/div[@id='__next']/div[contains(@class,'d-flex flex-column mh-100 app-content')]/div[contains(@class,'container')]/div[contains(@class,'row')]/div[contains(@class,'pl-xl-3 px-0 col-xl col-12 order-xl-3 order-3')]/div[contains(@class,'container')]/section[contains(@class,'acc-product-toolbar')]/div[contains(@class,'row')]/div[contains(@class,'acc-modes col')]/div[contains(@class,'btn-group')]/button[2]/*[1]]
Session ID: a7819adab11ee7e2d0bfd46bcd4ac36e
at sun.reflect.NativeConstructorAccessorImpl.newInstance0(Native Method)
at sun.reflect.NativeConstructorAccessorImpl.newInstance(Unknown Source)
at sun.reflect.DelegatingConstructorAccessorImpl.newInstance(Unknown Source)
at java.lang.reflect.Constructor.newInstance(Unknown Source)
at org.openqa.selenium.remote.codec.w3c.W3CHttpResponseCodec.createException(W3CHttpResponseCodec.java:200)
at org.openqa.selenium.remote.codec.w3c.W3CHttpResponseCodec.decode(W3CHttpResponseCodec.java:133)
at org.openqa.selenium.remote.codec.w3c.W3CHttpResponseCodec.decode(W3CHttpResponseCodec.java:53)
at org.openqa.selenium.remote.HttpCommandExecutor.execute(HttpCommandExecutor.java:184)
at org.openqa.selenium.remote.service.DriverCommandExecutor.invokeExecute(DriverCommandExecutor.java:167)
at org.openqa.selenium.remote.service.DriverCommandExecutor.execute(DriverCommandExecutor.java:142)
at org.openqa.selenium.remote.RemoteWebDriver.execute(RemoteWebDriver.java:543)
at org.openqa.selenium.remote.RemoteWebElement.execute(RemoteWebElement.java:251)
at org.openqa.selenium.remote.RemoteWebElement.click(RemoteWebElement.java:77)
at com.Accuride.testCases.TC_ProceedToCartCheckoutByLoginBankTransfer.ProceedToQuote_TC_ID_15_16_validate_switch_button_vertical_horizontal(TC_ProceedToCartCheckoutByLoginBankTransfer.java:381)
at sun.reflect.NativeMethodAccessorImpl.invoke0(Native Method)
at sun.reflect.NativeMethodAccessorImpl.invoke(Unknown Source)
at sun.reflect.DelegatingMethodAccessorImpl.invoke(Unknown Source)
at java.lang.reflect.Method.invoke(Unknown Source)
at org.testng.internal.MethodInvocationHelper.invokeMethod(MethodInvocationHelper.java:133)
at org.testng.internal.TestInvoker.invokeMethod(TestInvoker.java:598)
at org.testng.internal.TestInvoker.invokeTestMethod(TestInvoker.java:173)
at org.testng.internal.MethodRunner.runInSequence(MethodRunner.java:46)
at org.testng.internal.TestInvoker$MethodInvocationAgent.invoke(TestInvoker.java:824)
at org.testng.internal.TestInvoker.invokeTestMethods(TestInvoker.java:146)
at org.testng.internal.TestMethodWorker.invokeTestMethods(TestMethodWorker.java:146)
at org.testng.internal.TestMethodWorker.run(TestMethodWorker.java:128)
at java.util.ArrayList.forEach(Unknown Source)
at org.testng.TestRunner.privateRun(TestRunner.java:794)
at org.testng.TestRunner.run(TestRunner.java:596)
at org.testng.SuiteRunner.runTest(SuiteRunner.java:377)
at org.testng.SuiteRunner.runSequentially(SuiteRunner.java:371)
at org.testng.SuiteRunner.privateRun(SuiteRunner.java:332)
at org.testng.SuiteRunner.run(SuiteRunner.java:276)
at org.testng.SuiteRunnerWorker.runSuite(SuiteRunnerWorker.java:53)
at org.testng.SuiteRunnerWorker.run(SuiteRunnerWorker.java:96)
at org.testng.TestNG.runSuitesSequentially(TestNG.java:1212)
at org.testng.TestNG.runSuitesLocally(TestNG.java:1134)
at org.testng.TestNG.runSuites(TestNG.java:1063)
at org.testng.TestNG.run(TestNG.java:1031)
at org.testng.remote.AbstractRemoteTestNG.run(AbstractRemoteTestNG.java:115)
at org.testng.remote.RemoteTestNG.initAndRun(RemoteTestNG.java:251)
at org.testng.remote.RemoteTestNG.main(RemoteTestNG.java:77)
]]>
    </error>
  </testcase> <!-- ProceedToQuote_TC_ID_15_16_validate_switch_button_vertical_horizontal -->
  <system-out/>
  <testcase name="ProceedToQuote_TC_ID_17_18_validate_sortby_button_product_postion" time="1.350" classname="com.Accuride.testCases.TC_ProceedToCartCheckoutByLoginBankTransfer">
    <error type="org.openqa.selenium.ElementClickInterceptedException" message="element click intercepted: Element &lt;select name=&quot;sort_by2&quot; class=&quot;form-control&quot;&gt;...&lt;/select&gt; is not clickable at point (1294, 402). Other element would receive the click: &lt;div class=&quot;acc-fullLoader &quot;&gt;...&lt;/div&gt;
  (Session info: chrome=102.0.5005.115)
Build info: version: &#039;4.1.1&#039;, revision: &#039;e8fcc2cecf&#039;
System info: host: &#039;DESKTOP-C4L6Q0Q&#039;, ip: &#039;192.168.10.38&#039;, os.name: &#039;Windows 10&#039;, os.arch: &#039;amd64&#039;, os.version: &#039;10.0&#039;, java.version: &#039;1.8.0_221&#039;
Driver info: org.openqa.selenium.chrome.ChromeDriver
Command: [a7819adab11ee7e2d0bfd46bcd4ac36e, clickElement {id=03046b8d-6ce1-47d7-a5df-215614cc14af}]
Capabilities {acceptInsecureCerts: false, browserName: chrome, browserVersion: 102.0.5005.115, chrome: {chromedriverVersion: 101.0.4951.41 (93c720db8323..., userDataDir: C:\Users\singh\AppData\Loca...}, goog:chromeOptions: {debuggerAddress: localhost:49274}, javascriptEnabled: true, networkConnectionEnabled: false, pageLoadStrategy: normal, platform: WINDOWS, platformName: WINDOWS, proxy: Proxy(), se:cdp: ws://localhost:49274/devtoo..., se:cdpVersion: 102.0.5005.115, setWindowRect: true, strictFileInteractability: false, timeouts: {implicit: 0, pageLoad: 300000, script: 30000}, unhandledPromptBehavior: dismiss and notify, webauthn:extension:credBlob: true, webauthn:extension:largeBlob: true, webauthn:virtualAuthenticators: true}
Element: [[ChromeDriver: chrome on WINDOWS (a7819adab11ee7e2d0bfd46bcd4ac36e)] -&gt; xpath: //div[@class=&#039;input-group&#039;]//select[@class=&#039;form-control&#039;]]
Session ID: a7819adab11ee7e2d0bfd46bcd4ac36e">
      <![CDATA[org.openqa.selenium.ElementClickInterceptedException: element click intercepted: Element <select name="sort_by2" class="form-control">...</select> is not clickable at point (1294, 402). Other element would receive the click: <div class="acc-fullLoader ">...</div>
  (Session info: chrome=102.0.5005.115)
Build info: version: '4.1.1', revision: 'e8fcc2cecf'
System info: host: 'DESKTOP-C4L6Q0Q', ip: '192.168.10.38', os.name: 'Windows 10', os.arch: 'amd64', os.version: '10.0', java.version: '1.8.0_221'
Driver info: org.openqa.selenium.chrome.ChromeDriver
Command: [a7819adab11ee7e2d0bfd46bcd4ac36e, clickElement {id=03046b8d-6ce1-47d7-a5df-215614cc14af}]
Capabilities {acceptInsecureCerts: false, browserName: chrome, browserVersion: 102.0.5005.115, chrome: {chromedriverVersion: 101.0.4951.41 (93c720db8323..., userDataDir: C:\Users\singh\AppData\Loca...}, goog:chromeOptions: {debuggerAddress: localhost:49274}, javascriptEnabled: true, networkConnectionEnabled: false, pageLoadStrategy: normal, platform: WINDOWS, platformName: WINDOWS, proxy: Proxy(), se:cdp: ws://localhost:49274/devtoo..., se:cdpVersion: 102.0.5005.115, setWindowRect: true, strictFileInteractability: false, timeouts: {implicit: 0, pageLoad: 300000, script: 30000}, unhandledPromptBehavior: dismiss and notify, webauthn:extension:credBlob: true, webauthn:extension:largeBlob: true, webauthn:virtualAuthenticators: true}
Element: [[ChromeDriver: chrome on WINDOWS (a7819adab11ee7e2d0bfd46bcd4ac36e)] -> xpath: //div[@class='input-group']//select[@class='form-control']]
Session ID: a7819adab11ee7e2d0bfd46bcd4ac36e
at sun.reflect.NativeConstructorAccessorImpl.newInstance0(Native Method)
at sun.reflect.NativeConstructorAccessorImpl.newInstance(Unknown Source)
at sun.reflect.DelegatingConstructorAccessorImpl.newInstance(Unknown Source)
at java.lang.reflect.Constructor.newInstance(Unknown Source)
at org.openqa.selenium.remote.codec.w3c.W3CHttpResponseCodec.createException(W3CHttpResponseCodec.java:200)
at org.openqa.selenium.remote.codec.w3c.W3CHttpResponseCodec.decode(W3CHttpResponseCodec.java:133)
at org.openqa.selenium.remote.codec.w3c.W3CHttpResponseCodec.decode(W3CHttpResponseCodec.java:53)
at org.openqa.selenium.remote.HttpCommandExecutor.execute(HttpCommandExecutor.java:184)
at org.openqa.selenium.remote.service.DriverCommandExecutor.invokeExecute(DriverCommandExecutor.java:167)
at org.openqa.selenium.remote.service.DriverCommandExecutor.execute(DriverCommandExecutor.java:142)
at org.openqa.selenium.remote.RemoteWebDriver.execute(RemoteWebDriver.java:543)
at org.openqa.selenium.remote.RemoteWebElement.execute(RemoteWebElement.java:251)
at org.openqa.selenium.remote.RemoteWebElement.click(RemoteWebElement.java:77)
at com.Accuride.testCases.TC_ProceedToCartCheckoutByLoginBankTransfer.ProceedToQuote_TC_ID_17_18_validate_sortby_button_product_postion(TC_ProceedToCartCheckoutByLoginBankTransfer.java:410)
at sun.reflect.NativeMethodAccessorImpl.invoke0(Native Method)
at sun.reflect.NativeMethodAccessorImpl.invoke(Unknown Source)
at sun.reflect.DelegatingMethodAccessorImpl.invoke(Unknown Source)
at java.lang.reflect.Method.invoke(Unknown Source)
at org.testng.internal.MethodInvocationHelper.invokeMethod(MethodInvocationHelper.java:133)
at org.testng.internal.TestInvoker.invokeMethod(TestInvoker.java:598)
at org.testng.internal.TestInvoker.invokeTestMethod(TestInvoker.java:173)
at org.testng.internal.MethodRunner.runInSequence(MethodRunner.java:46)
at org.testng.internal.TestInvoker$MethodInvocationAgent.invoke(TestInvoker.java:824)
at org.testng.internal.TestInvoker.invokeTestMethods(TestInvoker.java:146)
at org.testng.internal.TestMethodWorker.invokeTestMethods(TestMethodWorker.java:146)
at org.testng.internal.TestMethodWorker.run(TestMethodWorker.java:128)
at java.util.ArrayList.forEach(Unknown Source)
at org.testng.TestRunner.privateRun(TestRunner.java:794)
at org.testng.TestRunner.run(TestRunner.java:596)
at org.testng.SuiteRunner.runTest(SuiteRunner.java:377)
at org.testng.SuiteRunner.runSequentially(SuiteRunner.java:371)
at org.testng.SuiteRunner.privateRun(SuiteRunner.java:332)
at org.testng.SuiteRunner.run(SuiteRunner.java:276)
at org.testng.SuiteRunnerWorker.runSuite(SuiteRunnerWorker.java:53)
at org.testng.SuiteRunnerWorker.run(SuiteRunnerWorker.java:96)
at org.testng.TestNG.runSuitesSequentially(TestNG.java:1212)
at org.testng.TestNG.runSuitesLocally(TestNG.java:1134)
at org.testng.TestNG.runSuites(TestNG.java:1063)
at org.testng.TestNG.run(TestNG.java:1031)
at org.testng.remote.AbstractRemoteTestNG.run(AbstractRemoteTestNG.java:115)
at org.testng.remote.RemoteTestNG.initAndRun(RemoteTestNG.java:251)
at org.testng.remote.RemoteTestNG.main(RemoteTestNG.java:77)
]]>
    </error>
  </testcase> <!-- ProceedToQuote_TC_ID_17_18_validate_sortby_button_product_postion -->
  <system-out/>
  <testcase name="ProceedToQuote_TC_ID_19_validate_search_filter_on_listing_page" time="2.562" classname="com.Accuride.testCases.TC_ProceedToCartCheckoutByLoginBankTransfer"/>
  <system-out/>
  <testcase name="ProceedToQuote_TC_ID_20_validate_Product_item" time="0.580" classname="com.Accuride.testCases.TC_ProceedToCartCheckoutByLoginBankTransfer"/>
  <system-out/>
  <testcase name="ProceedToQuote_TC_ID_21_verify_by_hover_on_product_item" time="0.000" classname="com.Accuride.testCases.TC_ProceedToCartCheckoutByLoginBankTransfer"/>
  <system-out/>
  <testcase name="ProceedToQuote_TC_ID_22_23_verify_by_selecting_lenght_and_quantity" time="2.778" classname="com.Accuride.testCases.TC_ProceedToCartCheckoutByLoginBankTransfer"/>
  <system-out/>
  <testcase name="ProceedToQuote_TC_ID_25_validate_by_adding_product_into_cart_by_addtocart_button" time="1.658" classname="com.Accuride.testCases.TC_ProceedToCartCheckoutByLoginBankTransfer"/>
  <system-out/>
  <testcase name="ProceedToQuote_TC_ID_26_verify_by_adding_product_into_cart_without_lenght_quntity_configureProduct" time="0.660" classname="com.Accuride.testCases.TC_ProceedToCartCheckoutByLoginBankTransfer"/>
  <system-out/>
  <testcase name="ProceedToQuote_TC_ID_29_verify_by_clicking_on_detail_button" time="1.556" classname="com.Accuride.testCases.TC_ProceedToCartCheckoutByLoginBankTransfer"/>
  <system-out/>
  <testcase name="ProceedToQuote_TC_ID_30_verify_description_for_product_detail" time="4.650" classname="com.Accuride.testCases.TC_ProceedToCartCheckoutByLoginBankTransfer"/>
  <system-out/>
  <testcase name="ProceedToQuote_TC_ID_31_32_verify_by_hover_on_productItem_lenght_quantity" time="2.613" classname="com.Accuride.testCases.TC_ProceedToCartCheckoutByLoginBankTransfer"/>
  <system-out/>
  <testcase name="ProceedToQuote_TC_ID_33_verify_by_adding_into_cart" time="1.493" classname="com.Accuride.testCases.TC_ProceedToCartCheckoutByLoginBankTransfer"/>
  <system-out/>
  <testcase name="ProceedToQuote_TC_ID_34_verify_by_clicking_cart_icon" time="2.599" classname="com.Accuride.testCases.TC_ProceedToCartCheckoutByLoginBankTransfer"/>
  <system-out/>
  <testcase name="ProceedToQuote_TC_ID_35_verify_UI_cart_pop_up" time="2.387" classname="com.Accuride.testCases.TC_ProceedToCartCheckoutByLoginBankTransfer"/>
  <system-out/>
  <testcase name="ProceedToQuote_TC_ID_36_Verify_by_clicking_View_and_edit_cart" time="1.540" classname="com.Accuride.testCases.TC_ProceedToCartCheckoutByLoginBankTransfer"/>
  <system-out/>
  <testcase name="ProceedToQuote_TC_ID_37_42_verify_UI_of_the_View_and_edit_cart_page" time="2.669" classname="com.Accuride.testCases.TC_ProceedToCartCheckoutByLoginBankTransfer"/>
  <system-out/>
  <testcase name="ProceedToQuote_TC_ID_43_verify_by_clicking_Proceed_to_checkout_button" time="1.526" classname="com.Accuride.testCases.TC_ProceedToCartCheckoutByLoginBankTransfer"/>
  <system-out/>
  <testcase name="ProceedToQuote_TC_ID_45_46_verify_by_adding_and_updating_new_address" time="4.987" classname="com.Accuride.testCases.TC_ProceedToCartCheckoutByLoginBankTransfer"/>
  <system-out/>
  <testcase name="ProceedToQuote_TC_ID_47_verify_by_selecting_ShipHere_radio_button" time="3.242" classname="com.Accuride.testCases.TC_ProceedToCartCheckoutByLoginBankTransfer"/>
  <system-out/>
  <testcase name="ProceedToQuote_TC_ID_48_validate_by_clicking_next_button" time="2.390" classname="com.Accuride.testCases.TC_ProceedToCartCheckoutByLoginBankTransfer"/>
  <system-out/>
  <testcase name="ProceedToQuote_TC_ID_50_bankTranfer_detail" time="10.216" classname="com.Accuride.testCases.TC_ProceedToCartCheckoutByLoginBankTransfer">
    <error type="org.openqa.selenium.NoSuchElementException" message="no such element: Unable to locate element: {&quot;method&quot;:&quot;xpath&quot;,&quot;selector&quot;:&quot;//h4[contains(text(),&#039;Bank Transfer&#039;)]&quot;}
  (Session info: chrome=102.0.5005.115)
For documentation on this error, please visit: https://selenium.dev/exceptions/#no_such_element
Build info: version: &#039;4.1.1&#039;, revision: &#039;e8fcc2cecf&#039;
System info: host: &#039;DESKTOP-C4L6Q0Q&#039;, ip: &#039;192.168.10.38&#039;, os.name: &#039;Windows 10&#039;, os.arch: &#039;amd64&#039;, os.version: &#039;10.0&#039;, java.version: &#039;1.8.0_221&#039;
Driver info: org.openqa.selenium.chrome.ChromeDriver
Command: [a7819adab11ee7e2d0bfd46bcd4ac36e, findElement {using=xpath, value=//h4[contains(text(),&#039;Bank Transfer&#039;)]}]
Capabilities {acceptInsecureCerts: false, browserName: chrome, browserVersion: 102.0.5005.115, chrome: {chromedriverVersion: 101.0.4951.41 (93c720db8323..., userDataDir: C:\Users\singh\AppData\Loca...}, goog:chromeOptions: {debuggerAddress: localhost:49274}, javascriptEnabled: true, networkConnectionEnabled: false, pageLoadStrategy: normal, platform: WINDOWS, platformName: WINDOWS, proxy: Proxy(), se:cdp: ws://localhost:49274/devtoo..., se:cdpVersion: 102.0.5005.115, setWindowRect: true, strictFileInteractability: false, timeouts: {implicit: 0, pageLoad: 300000, script: 30000}, unhandledPromptBehavior: dismiss and notify, webauthn:extension:credBlob: true, webauthn:extension:largeBlob: true, webauthn:virtualAuthenticators: true}
Session ID: a7819adab11ee7e2d0bfd46bcd4ac36e">
      <![CDATA[org.openqa.selenium.NoSuchElementException: no such element: Unable to locate element: {"method":"xpath","selector":"//h4[contains(text(),'Bank Transfer')]"}
  (Session info: chrome=102.0.5005.115)
For documentation on this error, please visit: https://selenium.dev/exceptions/#no_such_element
Build info: version: '4.1.1', revision: 'e8fcc2cecf'
System info: host: 'DESKTOP-C4L6Q0Q', ip: '192.168.10.38', os.name: 'Windows 10', os.arch: 'amd64', os.version: '10.0', java.version: '1.8.0_221'
Driver info: org.openqa.selenium.chrome.ChromeDriver
Command: [a7819adab11ee7e2d0bfd46bcd4ac36e, findElement {using=xpath, value=//h4[contains(text(),'Bank Transfer')]}]
Capabilities {acceptInsecureCerts: false, browserName: chrome, browserVersion: 102.0.5005.115, chrome: {chromedriverVersion: 101.0.4951.41 (93c720db8323..., userDataDir: C:\Users\singh\AppData\Loca...}, goog:chromeOptions: {debuggerAddress: localhost:49274}, javascriptEnabled: true, networkConnectionEnabled: false, pageLoadStrategy: normal, platform: WINDOWS, platformName: WINDOWS, proxy: Proxy(), se:cdp: ws://localhost:49274/devtoo..., se:cdpVersion: 102.0.5005.115, setWindowRect: true, strictFileInteractability: false, timeouts: {implicit: 0, pageLoad: 300000, script: 30000}, unhandledPromptBehavior: dismiss and notify, webauthn:extension:credBlob: true, webauthn:extension:largeBlob: true, webauthn:virtualAuthenticators: true}
Session ID: a7819adab11ee7e2d0bfd46bcd4ac36e
at sun.reflect.NativeConstructorAccessorImpl.newInstance0(Native Method)
at sun.reflect.NativeConstructorAccessorImpl.newInstance(Unknown Source)
at sun.reflect.DelegatingConstructorAccessorImpl.newInstance(Unknown Source)
at java.lang.reflect.Constructor.newInstance(Unknown Source)
at org.openqa.selenium.remote.codec.w3c.W3CHttpResponseCodec.createException(W3CHttpResponseCodec.java:200)
at org.openqa.selenium.remote.codec.w3c.W3CHttpResponseCodec.decode(W3CHttpResponseCodec.java:133)
at org.openqa.selenium.remote.codec.w3c.W3CHttpResponseCodec.decode(W3CHttpResponseCodec.java:53)
at org.openqa.selenium.remote.HttpCommandExecutor.execute(HttpCommandExecutor.java:184)
at org.openqa.selenium.remote.service.DriverCommandExecutor.invokeExecute(DriverCommandExecutor.java:167)
at org.openqa.selenium.remote.service.DriverCommandExecutor.execute(DriverCommandExecutor.java:142)
at org.openqa.selenium.remote.RemoteWebDriver.execute(RemoteWebDriver.java:543)
at org.openqa.selenium.remote.ElementLocation$ElementFinder$2.findElement(ElementLocation.java:162)
at org.openqa.selenium.remote.ElementLocation.findElement(ElementLocation.java:60)
at org.openqa.selenium.remote.RemoteWebDriver.findElement(RemoteWebDriver.java:367)
at org.openqa.selenium.remote.RemoteWebDriver.findElement(RemoteWebDriver.java:359)
at com.Accuride.testCases.TC_ProceedToCartCheckoutByLoginBankTransfer.ProceedToQuote_TC_ID_50_bankTranfer_detail(TC_ProceedToCartCheckoutByLoginBankTransfer.java:954)
at sun.reflect.NativeMethodAccessorImpl.invoke0(Native Method)
at sun.reflect.NativeMethodAccessorImpl.invoke(Unknown Source)
at sun.reflect.DelegatingMethodAccessorImpl.invoke(Unknown Source)
at java.lang.reflect.Method.invoke(Unknown Source)
at org.testng.internal.MethodInvocationHelper.invokeMethod(MethodInvocationHelper.java:133)
at org.testng.internal.TestInvoker.invokeMethod(TestInvoker.java:598)
at org.testng.internal.TestInvoker.invokeTestMethod(TestInvoker.java:173)
at org.testng.internal.MethodRunner.runInSequence(MethodRunner.java:46)
at org.testng.internal.TestInvoker$MethodInvocationAgent.invoke(TestInvoker.java:824)
at org.testng.internal.TestInvoker.invokeTestMethods(TestInvoker.java:146)
at org.testng.internal.TestMethodWorker.invokeTestMethods(TestMethodWorker.java:146)
at org.testng.internal.TestMethodWorker.run(TestMethodWorker.java:128)
at java.util.ArrayList.forEach(Unknown Source)
at org.testng.TestRunner.privateRun(TestRunner.java:794)
at org.testng.TestRunner.run(TestRunner.java:596)
at org.testng.SuiteRunner.runTest(SuiteRunner.java:377)
at org.testng.SuiteRunner.runSequentially(SuiteRunner.java:371)
at org.testng.SuiteRunner.privateRun(SuiteRunner.java:332)
at org.testng.SuiteRunner.run(SuiteRunner.java:276)
at org.testng.SuiteRunnerWorker.runSuite(SuiteRunnerWorker.java:53)
at org.testng.SuiteRunnerWorker.run(SuiteRunnerWorker.java:96)
at org.testng.TestNG.runSuitesSequentially(TestNG.java:1212)
at org.testng.TestNG.runSuitesLocally(TestNG.java:1134)
at org.testng.TestNG.runSuites(TestNG.java:1063)
at org.testng.TestNG.run(TestNG.java:1031)
at org.testng.remote.AbstractRemoteTestNG.run(AbstractRemoteTestNG.java:115)
at org.testng.remote.RemoteTestNG.initAndRun(RemoteTestNG.java:251)
at org.testng.remote.RemoteTestNG.main(RemoteTestNG.java:77)
]]>
    </error>
  </testcase> <!-- ProceedToQuote_TC_ID_50_bankTranfer_detail -->
  <system-out/>
  <testcase name="ProceedToQuote_TC_ID_51_select_Term_and_condition" time="1.395" classname="com.Accuride.testCases.TC_ProceedToCartCheckoutByLoginBankTransfer"/>
  <system-out/>
  <testcase name="ProceedToQuote_TC_ID_58_verify_by_placing_order" time="1.432" classname="com.Accuride.testCases.TC_ProceedToCartCheckoutByLoginBankTransfer"/>
  <system-out/>
</testsuite> <!-- com.Accuride.testCases.TC_ProceedToCartCheckoutByLoginBankTransfer -->
